    0.0000    4.2826
    0.0050    4.2833
    0.0100    4.2856
    0.0149    4.2893
    0.0199    4.2946
    0.0249    4.3013
    0.0299    4.3096
    0.0348    4.3192
    0.0398    4.3303
    0.0448    4.3428
    0.0498    4.3567
    0.0547    4.3719
    0.0597    4.3884
    0.0647    4.4062
    0.0697    4.4251
    0.0747    4.4452
    0.0796    4.4664
    0.0846    4.4885
    0.0896    4.5116
    0.0946    4.5354
    0.0995    4.5598
    0.1045    4.5848
    0.1095    4.6100
    0.1145    4.6354
    0.1195    4.6607
    0.1244    4.6856
    0.1294    4.7099
    0.1344    4.7331
    0.1394    4.7550
    0.1443    4.7752
    0.1493    4.7933
    0.1543    4.8088
    0.1593    4.8215
    0.1642    4.8311
    0.1692    4.8373
    0.1742    4.8402
    0.1792    4.8396
    0.1842    4.8358
    0.1891    4.8288
    0.1941    4.8189
    0.1991    4.8065
    0.2041    4.7917
    0.2090    4.7749
    0.2140    4.7564
    0.2190    4.7363
    0.2240    4.7151
    0.2289    4.6927
    0.2339    4.6695
    0.2389    4.6455
    0.2439    4.6210
    0.2489    4.5961
    0.2538    4.5708
    0.2588    4.5453
    0.2638    4.5197
    0.2688    4.4939
    0.2737    4.4682
    0.2787    4.4425
    0.2837    4.4169
    0.2887    4.3914
    0.2937    4.3662
    0.2986    4.3411
    0.3036    4.3163
    0.3086    4.2918
    0.3136    4.2676
    0.3185    4.2437
    0.3235    4.2202
    0.3285    4.1970
    0.3335    4.1742
    0.3384    4.1518
    0.3434    4.1298
    0.3484    4.1082
    0.3534    4.0871
    0.3584    4.0663
    0.3633    4.0461
    0.3683    4.0262
    0.3733    4.0068
    0.3783    3.9879
    0.3832    3.9695
    0.3882    3.9515
    0.3932    3.9339
    0.3982    3.9169
    0.4031    3.9003
    0.4081    3.8842
    0.4131    3.8686
    0.4181    3.8534
    0.4231    3.8387
    0.4280    3.8245
    0.4330    3.8108
    0.4380    3.7976
    0.4430    3.7848
    0.4479    3.7725
    0.4529    3.7607
    0.4579    3.7494
    0.4629    3.7385
    0.4679    3.7281
    0.4728    3.7182
    0.4778    3.7087
    0.4828    3.6998
    0.4878    3.6913
    0.4927    3.6832
    0.4977    3.6756
    0.5027    3.6685
    0.5077    3.6619
    0.5126    3.6557
    0.5176    3.6500
    0.5226    3.6447
    0.5276    3.6399
    0.5326    3.6356
    0.5375    3.6317
    0.5425    3.6283
    0.5475    3.6253
    0.5525    3.6228
    0.5574    3.6208
    0.5624    3.6192
    0.5674    3.6180
    0.5724    3.6174
    0.5774    3.6171
    0.5774    3.6171
    0.5825    3.6184
    0.5876    3.6220
    0.5927    3.6280
    0.5978    3.6365
    0.6029    3.6474
    0.6080    3.6607
    0.6131    3.6764
    0.6183    3.6945
    0.6234    3.7150
    0.6285    3.7378
    0.6336    3.7630
    0.6387    3.7906
    0.6438    3.8205
    0.6489    3.8527
    0.6540    3.8871
    0.6592    3.9239
    0.6643    3.9629
    0.6694    4.0041
    0.6745    4.0476
    0.6796    4.0932
    0.6847    4.1410
    0.6898    4.1909
    0.6949    4.2428
    0.7001    4.2969
    0.7052    4.3529
    0.7103    4.4109
    0.7154    4.4709
    0.7205    4.5328
    0.7256    4.5965
    0.7307    4.6621
    0.7358    4.7294
    0.7410    4.7985
    0.7461    4.8692
    0.7512    4.9415
    0.7563    5.0155
    0.7614    5.0909
    0.7665    5.1678
    0.7716    5.2461
    0.7767    5.3258
    0.7819    5.4067
    0.7870    5.4889
    0.7921    5.5723
    0.7972    5.6567
    0.8023    5.7421
    0.8074    5.8286
    0.8125    5.9159
    0.8177    6.0040
    0.8228    6.0929
    0.8279    6.1825
    0.8330    6.2728
    0.8381    6.3636
    0.8432    6.4548
    0.8483    6.5465
    0.8534    6.6385
    0.8586    6.7308
    0.8637    6.8233
    0.8688    6.9160
    0.8739    7.0088
    0.8790    7.1015
    0.8841    7.1942

    0.0000    5.5101
    0.0050    5.5105
    0.0100    5.5117
    0.0149    5.5138
    0.0199    5.5166
    0.0249    5.5201
    0.0299    5.5245
    0.0348    5.5295
    0.0398    5.5353
    0.0448    5.5416
    0.0498    5.5486
    0.0547    5.5561
    0.0597    5.5641
    0.0647    5.5725
    0.0697    5.5811
    0.0747    5.5900
    0.0796    5.5990
    0.0846    5.6080
    0.0896    5.6168
    0.0946    5.6254
    0.0995    5.6337
    0.1045    5.6415
    0.1095    5.6488
    0.1145    5.6556
    0.1195    5.6619
    0.1244    5.6679
    0.1294    5.6737
    0.1344    5.6797
    0.1394    5.6863
    0.1443    5.6939
    0.1493    5.7030
    0.1543    5.7142
    0.1593    5.7279
    0.1642    5.7446
    0.1692    5.7646
    0.1742    5.7882
    0.1792    5.8154
    0.1842    5.8464
    0.1891    5.8811
    0.1941    5.9192
    0.1991    5.9607
    0.2041    6.0052
    0.2090    6.0526
    0.2140    6.1026
    0.2190    6.1551
    0.2240    6.2097
    0.2289    6.2664
    0.2339    6.3249
    0.2389    6.3852
    0.2439    6.4470
    0.2489    6.5102
    0.2538    6.5748
    0.2588    6.6405
    0.2638    6.7074
    0.2688    6.7753
    0.2737    6.8441
    0.2787    6.9138
    0.2837    6.9842
    0.2887    7.0554
    0.2937    7.1271
    0.2986    7.1994
    0.3036    7.2723
    0.3086    7.3455
    0.3136    7.4191
    0.3185    7.4930
    0.3235    7.5672
    0.3285    7.6415
    0.3335    7.7159
    0.3384    7.7904
    0.3434    7.8649
    0.3484    7.9394
    0.3534    8.0137
    0.3584    8.0879
    0.3633    8.1618
    0.3683    8.2355
    0.3733    8.3088
    0.3783    8.3817
    0.3832    8.4542
    0.3882    8.5261
    0.3932    8.5975
    0.3982    8.6682
    0.4031    8.7382
    0.4081    8.8075
    0.4131    8.8760
    0.4181    8.9435
    0.4231    9.0101
    0.4280    9.0757
    0.4330    9.1402
    0.4380    9.2036
    0.4430    9.2657
    0.4479    9.3265
    0.4529    9.3860
    0.4579    9.4440
    0.4629    9.5005
    0.4679    9.5553
    0.4728    9.6085
    0.4778    9.6599
    0.4828    9.7095
    0.4878    9.7572
    0.4927    9.8028
    0.4977    9.8464
    0.5027    9.8879
    0.5077    9.9270
    0.5126    9.9639
    0.5176    9.9984
    0.5226   10.0304
    0.5276   10.0599
    0.5326   10.0868
    0.5375   10.1111
    0.5425   10.1326
    0.5475   10.1514
    0.5525   10.1673
    0.5574   10.1804
    0.5624   10.1907
    0.5674   10.1980
    0.5724   10.2024
    0.5774   10.2039
    0.5774   10.2039
    0.5825   10.2039
    0.5876   10.2044
    0.5927   10.2054
    0.5978   10.2067
    0.6029   10.2085
    0.6080   10.2107
    0.6131   10.2134
    0.6183   10.2165
    0.6234   10.2200
    0.6285   10.2239
    0.6336   10.2283
    0.6387   10.2331
    0.6438   10.2383
    0.6489   10.2439
    0.6540   10.2499
    0.6592   10.2564
    0.6643   10.2632
    0.6694   10.2705
    0.6745   10.2781
    0.6796   10.2860
    0.6847   10.2940
    0.6898   10.2928
    0.6949   10.2335
    0.7001   10.1665
    0.7052   10.0982
    0.7103   10.0288
    0.7154    9.9584
    0.7205    9.8871
    0.7256    9.8148
    0.7307    9.7417
    0.7358    9.6677
    0.7410    9.5928
    0.7461    9.5170
    0.7512    9.4404
    0.7563    9.3630
    0.7614    9.2847
    0.7665    9.2056
    0.7716    9.1257
    0.7767    9.0450
    0.7819    8.9634
    0.7870    8.8811
    0.7921    8.7980
    0.7972    8.7141
    0.8023    8.6294
    0.8074    8.5440
    0.8125    8.4579
    0.8177    8.3711
    0.8228    8.2836
    0.8279    8.1955
    0.8330    8.1068
    0.8381    8.0174
    0.8432    7.9276
    0.8483    7.8372
    0.8534    7.7464
    0.8586    7.6551
    0.8637    7.5635
    0.8688    7.4715
    0.8739    7.3793
    0.8790    7.2868
    0.8841    7.1942

    0.0000    6.6453
    0.0050    6.6443
    0.0100    6.6413
    0.0149    6.6363
    0.0199    6.6295
    0.0249    6.6209
    0.0299    6.6105
    0.0348    6.5987
    0.0398    6.5854
    0.0448    6.5710
    0.0498    6.5556
    0.0547    6.5393
    0.0597    6.5225
    0.0647    6.5053
    0.0697    6.4881
    0.0747    6.4710
    0.0796    6.4544
    0.0846    6.4385
    0.0896    6.4238
    0.0946    6.4104
    0.0995    6.3987
    0.1045    6.3890
    0.1095    6.3816
    0.1145    6.3767
    0.1195    6.3747
    0.1244    6.3757
    0.1294    6.3798
    0.1344    6.3870
    0.1394    6.3975
    0.1443    6.4111
    0.1493    6.4277
    0.1543    6.4473
    0.1593    6.4696
    0.1642    6.4946
    0.1692    6.5220
    0.1742    6.5518
    0.1792    6.5838
    0.1842    6.6178
    0.1891    6.6538
    0.1941    6.6917
    0.1991    6.7312
    0.2041    6.7725
    0.2090    6.8153
    0.2140    6.8596
    0.2190    6.9054
    0.2240    6.9526
    0.2289    7.0011
    0.2339    7.0510
    0.2389    7.1021
    0.2439    7.1544
    0.2489    7.2078
    0.2538    7.2625
    0.2588    7.3182
    0.2638    7.3751
    0.2688    7.4330
    0.2737    7.4919
    0.2787    7.5518
    0.2837    7.6127
    0.2887    7.6746
    0.2937    7.7374
    0.2986    7.8011
    0.3036    7.8656
    0.3086    7.9311
    0.3136    7.9973
    0.3185    8.0643
    0.3235    8.1321
    0.3285    8.2007
    0.3335    8.2700
    0.3384    8.3399
    0.3434    8.4105
    0.3484    8.4818
    0.3534    8.5536
    0.3584    8.6260
    0.3633    8.6990
    0.3683    8.7724
    0.3733    8.8463
    0.3783    8.9206
    0.3832    8.9952
    0.3882    9.0702
    0.3932    9.1455
    0.3982    9.2211
    0.4031    9.2968
    0.4081    9.3727
    0.4131    9.4486
    0.4181    9.5245
    0.4231    9.6004
    0.4280    9.6760
    0.4330    9.7509
    0.4380    9.8243
    0.4430    9.8909
    0.4479    9.9327
    0.4529    9.9566
    0.4579    9.9764
    0.4629    9.9947
    0.4679   10.0121
    0.4728   10.0286
    0.4778   10.0444
    0.4828   10.0595
    0.4878   10.0739
    0.4927   10.0876
    0.4977   10.1006
    0.5027   10.1129
    0.5077   10.1244
    0.5126   10.1352
    0.5176   10.1452
    0.5226   10.1545
    0.5276   10.1630
    0.5326   10.1707
    0.5375   10.1776
    0.5425   10.1837
    0.5475   10.1891
    0.5525   10.1936
    0.5574   10.1973
    0.5624   10.2002
    0.5674   10.2022
    0.5724   10.2035
    0.5774   10.2039
    0.5774   10.2039
    0.5825   10.2043
    0.5876   10.2051
    0.5927   10.2063
    0.5978   10.2080
    0.6029   10.2101
    0.6080   10.2126
    0.6131   10.2155
    0.6183   10.2189
    0.6234   10.2227
    0.6285   10.2269
    0.6336   10.2315
    0.6387   10.2366
    0.6438   10.2420
    0.6489   10.2478
    0.6540   10.2541
    0.6592   10.2607
    0.6643   10.2677
    0.6694   10.2751
    0.6745   10.2829
    0.6796   10.2910
    0.6847   10.2992
    0.6898   10.3059
    0.6949   10.3135
    0.7001   10.3228
    0.7052   10.3327
    0.7103   10.3429
    0.7154   10.3535
    0.7205   10.3645
    0.7256   10.3759
    0.7307   10.3875
    0.7358   10.3995
    0.7410   10.4118
    0.7461   10.4244
    0.7512   10.4373
    0.7563   10.4504
    0.7614   10.4639
    0.7665   10.4776
    0.7716   10.4915
    0.7767   10.5057
    0.7819   10.5201
    0.7870   10.5348
    0.7921   10.5496
    0.7972   10.5646
    0.8023   10.5798
    0.8074   10.5951
    0.8125   10.6106
    0.8177   10.6263
    0.8228   10.6421
    0.8279   10.6579
    0.8330   10.6739
    0.8381   10.6899
    0.8432   10.7061
    0.8483   10.7222
    0.8534   10.7384
    0.8586   10.7546
    0.8637   10.7709
    0.8688   10.7871
    0.8739   10.8033
    0.8790   10.8195
    0.8841   10.8356

    0.0000    8.2721
    0.0050    8.2725
    0.0100    8.2734
    0.0149    8.2750
    0.0199    8.2772
    0.0249    8.2800
    0.0299    8.2834
    0.0348    8.2875
    0.0398    8.2922
    0.0448    8.2975
    0.0498    8.3034
    0.0547    8.3099
    0.0597    8.3171
    0.0647    8.3248
    0.0697    8.3331
    0.0747    8.3420
    0.0796    8.3515
    0.0846    8.3616
    0.0896    8.3723
    0.0946    8.3835
    0.0995    8.3953
    0.1045    8.4076
    0.1095    8.4206
    0.1145    8.4340
    0.1195    8.4480
    0.1244    8.4625
    0.1294    8.4776
    0.1344    8.4931
    0.1394    8.5092
    0.1443    8.5258
    0.1493    8.5428
    0.1543    8.5604
    0.1593    8.5784
    0.1642    8.5968
    0.1692    8.6157
    0.1742    8.6351
    0.1792    8.6549
    0.1842    8.6751
    0.1891    8.6957
    0.1941    8.7167
    0.1991    8.7381
    0.2041    8.7598
    0.2090    8.7820
    0.2140    8.8044
    0.2190    8.8272
    0.2240    8.8503
    0.2289    8.8737
    0.2339    8.8974
    0.2389    8.9214
    0.2439    8.9456
    0.2489    8.9701
    0.2538    8.9948
    0.2588    9.0197
    0.2638    9.0448
    0.2688    9.0701
    0.2737    9.0955
    0.2787    9.1211
    0.2837    9.1469
    0.2887    9.1727
    0.2937    9.1986
    0.2986    9.2246
    0.3036    9.2507
    0.3086    9.2768
    0.3136    9.3030
    0.3185    9.3291
    0.3235    9.3552
    0.3285    9.3813
    0.3335    9.4074
    0.3384    9.4333
    0.3434    9.4592
    0.3484    9.4849
    0.3534    9.5106
    0.3584    9.5360
    0.3633    9.5613
    0.3683    9.5864
    0.3733    9.6113
    0.3783    9.6360
    0.3832    9.6604
    0.3882    9.6845
    0.3932    9.7084
    0.3982    9.7319
    0.4031    9.7551
    0.4081    9.7780
    0.4131    9.8006
    0.4181    9.8228
    0.4231    9.8447
    0.4280    9.8664
    0.4330    9.8882
    0.4380    9.9109
    0.4430    9.9397
    0.4479    9.9925
    0.4529   10.0622
    0.4579   10.1351
    0.4629   10.2084
    0.4679   10.2815
    0.4728   10.3541
    0.4778   10.4260
    0.4828   10.4971
    0.4878   10.5671
    0.4927   10.6360
    0.4977   10.7036
    0.5027   10.7697
    0.5077   10.8340
    0.5126   10.8964
    0.5176   10.9564
    0.5226   11.0138
    0.5276   11.0681
    0.5326   11.1185
    0.5375   11.1634
    0.5425   11.1991
    0.5475   11.2199
    0.5525   11.2291
    0.5574   11.2338
    0.5624   11.2366
    0.5674   11.2383
    0.5724   11.2393
    0.5774   11.2396
    0.5774   11.2396
    0.5825   11.2368
    0.5876   11.2284
    0.5927   11.2145
    0.5978   11.1953
    0.6029   11.1713
    0.6080   11.1426
    0.6131   11.1097
    0.6183   11.0728
    0.6234   11.0325
    0.6285   10.9889
    0.6336   10.9424
    0.6387   10.8933
    0.6438   10.8419
    0.6489   10.7883
    0.6540   10.7328
    0.6592   10.6755
    0.6643   10.6167
    0.6694   10.5563
    0.6745   10.4947
    0.6796   10.4318
    0.6847   10.3683
    0.6898   10.3151
    0.6949   10.3189
    0.7001   10.3282
    0.7052   10.3380
    0.7103   10.3483
    0.7154   10.3590
    0.7205   10.3699
    0.7256   10.3812
    0.7307   10.3929
    0.7358   10.4048
    0.7410   10.4170
    0.7461   10.4295
    0.7512   10.4423
    0.7563   10.4554
    0.7614   10.4687
    0.7665   10.4822
    0.7716   10.4960
    0.7767   10.5100
    0.7819   10.5243
    0.7870   10.5387
    0.7921   10.5534
    0.7972   10.5682
    0.8023   10.5832
    0.8074   10.5983
    0.8125   10.6136
    0.8177   10.6290
    0.8228   10.6446
    0.8279   10.6602
    0.8330   10.6760
    0.8381   10.6918
    0.8432   10.7077
    0.8483   10.7236
    0.8534   10.7396
    0.8586   10.7556
    0.8637   10.7716
    0.8688   10.7877
    0.8739   10.8037
    0.8790   10.8197
    0.8841   10.8356

    0.0000    8.8451
    0.0050    8.8463
    0.0100    8.8501
    0.0149    8.8564
    0.0199    8.8651
    0.0249    8.8762
    0.0299    8.8896
    0.0348    8.9052
    0.0398    8.9228
    0.0448    8.9425
    0.0498    8.9640
    0.0547    8.9872
    0.0597    9.0120
    0.0647    9.0383
    0.0697    9.0660
    0.0747    9.0948
    0.0796    9.1248
    0.0846    9.1559
    0.0896    9.1878
    0.0946    9.2205
    0.0995    9.2539
    0.1045    9.2879
    0.1095    9.3224
    0.1145    9.3574
    0.1195    9.3928
    0.1244    9.4284
    0.1294    9.4644
    0.1344    9.5004
    0.1394    9.5367
    0.1443    9.5730
    0.1493    9.6093
    0.1543    9.6456
    0.1593    9.6818
    0.1642    9.7179
    0.1692    9.7539
    0.1742    9.7897
    0.1792    9.8253
    0.1842    9.8607
    0.1891    9.8958
    0.1941    9.9307
    0.1991    9.9652
    0.2041    9.9994
    0.2090   10.0332
    0.2140   10.0667
    0.2190   10.0998
    0.2240   10.1326
    0.2289   10.1649
    0.2339   10.1967
    0.2389   10.2282
    0.2439   10.2592
    0.2489   10.2897
    0.2538   10.3198
    0.2588   10.3494
    0.2638   10.3785
    0.2688   10.4072
    0.2737   10.4353
    0.2787   10.4630
    0.2837   10.4902
    0.2887   10.5169
    0.2937   10.5430
    0.2986   10.5687
    0.3036   10.5938
    0.3086   10.6185
    0.3136   10.6426
    0.3185   10.6663
    0.3235   10.6894
    0.3285   10.7120
    0.3335   10.7341
    0.3384   10.7557
    0.3434   10.7768
    0.3484   10.7974
    0.3534   10.8175
    0.3584   10.8371
    0.3633   10.8561
    0.3683   10.8747
    0.3733   10.8928
    0.3783   10.9104
    0.3832   10.9276
    0.3882   10.9442
    0.3932   10.9603
    0.3982   10.9760
    0.4031   10.9912
    0.4081   11.0059
    0.4131   11.0202
    0.4181   11.0340
    0.4231   11.0473
    0.4280   11.0602
    0.4330   11.0726
    0.4380   11.0845
    0.4430   11.0960
    0.4479   11.1071
    0.4529   11.1177
    0.4579   11.1279
    0.4629   11.1376
    0.4679   11.1469
    0.4728   11.1558
    0.4778   11.1643
    0.4828   11.1724
    0.4878   11.1800
    0.4927   11.1873
    0.4977   11.1941
    0.5027   11.2006
    0.5077   11.2067
    0.5126   11.2125
    0.5176   11.2179
    0.5226   11.2232
    0.5276   11.2285
    0.5326   11.2340
    0.5375   11.2411
    0.5425   11.2529
    0.5475   11.2748
    0.5525   11.3029
    0.5574   11.3296
    0.5624   11.3519
    0.5674   11.3684
    0.5724   11.3785
    0.5774   11.3819
    0.5774   11.3819
    0.5825   11.3817
    0.5876   11.3812
    0.5927   11.3804
    0.5978   11.3793
    0.6029   11.3779
    0.6080   11.3761
    0.6131   11.3741
    0.6183   11.3717
    0.6234   11.3690
    0.6285   11.3660
    0.6336   11.3627
    0.6387   11.3590
    0.6438   11.3550
    0.6489   11.3507
    0.6540   11.3461
    0.6592   11.3412
    0.6643   11.3359
    0.6694   11.3304
    0.6745   11.3245
    0.6796   11.3182
    0.6847   11.3117
    0.6898   11.3048
    0.6949   11.2976
    0.7001   11.2901
    0.7052   11.2822
    0.7103   11.2740
    0.7154   11.2656
    0.7205   11.2568
    0.7256   11.2476
    0.7307   11.2382
    0.7358   11.2284
    0.7410   11.2184
    0.7461   11.2080
    0.7512   11.1973
    0.7563   11.1864
    0.7614   11.1751
    0.7665   11.1636
    0.7716   11.1517
    0.7767   11.1396
    0.7819   11.1272
    0.7870   11.1146
    0.7921   11.1017
    0.7972   11.0885
    0.8023   11.0751
    0.8074   11.0615
    0.8125   11.0476
    0.8177   11.0335
    0.8228   11.0192
    0.8279   11.0047
    0.8330   10.9901
    0.8381   10.9752
    0.8432   10.9602
    0.8483   10.9451
    0.8534   10.9297
    0.8586   10.9143
    0.8637   10.8988
    0.8688   10.8831
    0.8739   10.8674
    0.8790   10.8515
    0.8841   10.8356

    0.0000   10.2551
    0.0050   10.2553
    0.0100   10.2559
    0.0149   10.2568
    0.0199   10.2580
    0.0249   10.2596
    0.0299   10.2616
    0.0348   10.2639
    0.0398   10.2666
    0.0448   10.2696
    0.0498   10.2730
    0.0547   10.2767
    0.0597   10.2808
    0.0647   10.2852
    0.0697   10.2900
    0.0747   10.2951
    0.0796   10.3005
    0.0846   10.3063
    0.0896   10.3124
    0.0946   10.3189
    0.0995   10.3257
    0.1045   10.3328
    0.1095   10.3402
    0.1145   10.3479
    0.1195   10.3560
    0.1244   10.3644
    0.1294   10.3730
    0.1344   10.3820
    0.1394   10.3913
    0.1443   10.4009
    0.1493   10.4107
    0.1543   10.4209
    0.1593   10.4313
    0.1642   10.4420
    0.1692   10.4529
    0.1742   10.4641
    0.1792   10.4756
    0.1842   10.4873
    0.1891   10.4993
    0.1941   10.5115
    0.1991   10.5239
    0.2041   10.5365
    0.2090   10.5494
    0.2140   10.5625
    0.2190   10.5757
    0.2240   10.5892
    0.2289   10.6028
    0.2339   10.6166
    0.2389   10.6306
    0.2439   10.6447
    0.2489   10.6590
    0.2538   10.6734
    0.2588   10.6880
    0.2638   10.7026
    0.2688   10.7174
    0.2737   10.7323
    0.2787   10.7473
    0.2837   10.7623
    0.2887   10.7774
    0.2937   10.7926
    0.2986   10.8078
    0.3036   10.8231
    0.3086   10.8384
    0.3136   10.8537
    0.3185   10.8690
    0.3235   10.8843
    0.3285   10.8996
    0.3335   10.9149
    0.3384   10.9301
    0.3434   10.9452
    0.3484   10.9603
    0.3534   10.9753
    0.3584   10.9902
    0.3633   11.0050
    0.3683   11.0197
    0.3733   11.0343
    0.3783   11.0488
    0.3832   11.0630
    0.3882   11.0772
    0.3932   11.0911
    0.3982   11.1049
    0.4031   11.1184
    0.4081   11.1317
    0.4131   11.1449
    0.4181   11.1577
    0.4231   11.1704
    0.4280   11.1827
    0.4330   11.1948
    0.4380   11.2066
    0.4430   11.2181
    0.4479   11.2293
    0.4529   11.2402
    0.4579   11.2507
    0.4629   11.2610
    0.4679   11.2708
    0.4728   11.2803
    0.4778   11.2894
    0.4828   11.2981
    0.4878   11.3065
    0.4927   11.3144
    0.4977   11.3220
    0.5027   11.3291
    0.5077   11.3358
    0.5126   11.3420
    0.5176   11.3478
    0.5226   11.3532
    0.5276   11.3582
    0.5326   11.3626
    0.5375   11.3666
    0.5425   11.3702
    0.5475   11.3733
    0.5525   11.3759
    0.5574   11.3780
    0.5624   11.3797
    0.5674   11.3809
    0.5724   11.3816
    0.5774   11.3819
    0.5774   11.3819
    0.5825   11.3817
    0.5876   11.3813
    0.5927   11.3805
    0.5978   11.3794
    0.6029   11.3780
    0.6080   11.3763
    0.6131   11.3743
    0.6183   11.3719
    0.6234   11.3693
    0.6285   11.3663
    0.6336   11.3630
    0.6387   11.3594
    0.6438   11.3554
    0.6489   11.3512
    0.6540   11.3466
    0.6592   11.3417
    0.6643   11.3365
    0.6694   11.3310
    0.6745   11.3251
    0.6796   11.3190
    0.6847   11.3125
    0.6898   11.3056
    0.6949   11.2985
    0.7001   11.2910
    0.7052   11.2832
    0.7103   11.2751
    0.7154   11.2667
    0.7205   11.2579
    0.7256   11.2489
    0.7307   11.2395
    0.7358   11.2298
    0.7410   11.2198
    0.7461   11.2095
    0.7512   11.1988
    0.7563   11.1879
    0.7614   11.1767
    0.7665   11.1651
    0.7716   11.1533
    0.7767   11.1412
    0.7819   11.1289
    0.7870   11.1162
    0.7921   11.1033
    0.7972   11.0901
    0.8023   11.0767
    0.8074   11.0630
    0.8125   11.0491
    0.8177   11.0350
    0.8228   11.0207
    0.8279   11.0061
    0.8330   10.9914
    0.8381   10.9764
    0.8432   10.9613
    0.8483   10.9461
    0.8534   10.9307
    0.8586   10.9151
    0.8637   10.8994
    0.8688   10.8836
    0.8739   10.8677
    0.8790   10.8517
    0.8841   10.8356

    0.0000   11.8000
    0.0500   11.8000
    0.1000   11.8000
    0.1500   11.8000
    0.2000   11.8000
    0.2500   11.8000
    0.3000   11.8000
    0.3500   11.8000
    0.4000   11.8000
    0.4500   11.8000
    0.5000   11.8000
    0.5500   11.8000
    0.6000   11.8000
    0.6500   11.8000
    0.7000   11.8000
    0.7500   11.8000
    0.8000   11.8000
    0.8500   11.8000
    0.9000   11.8000

    0.0000   16.0156
    0.0050   16.0150
    0.0100   16.0134
    0.0149   16.0107
    0.0199   16.0070
    0.0249   16.0023
    0.0299   15.9966
    0.0348   15.9899
    0.0398   15.9824
    0.0448   15.9740
    0.0498   15.9647
    0.0547   15.9548
    0.0597   15.9441
    0.0647   15.9328
    0.0697   15.9209
    0.0747   15.9084
    0.0796   15.8954
    0.0846   15.8820
    0.0896   15.8681
    0.0946   15.8538
    0.0995   15.8392
    0.1045   15.8243
    0.1095   15.8091
    0.1145   15.7936
    0.1195   15.7779
    0.1244   15.7620
    0.1294   15.7458
    0.1344   15.7295
    0.1394   15.7131
    0.1443   15.6964
    0.1493   15.6797
    0.1543   15.6628
    0.1593   15.6458
    0.1642   15.6286
    0.1692   15.6113
    0.1742   15.5939
    0.1792   15.5764
    0.1842   15.5587
    0.1891   15.5409
    0.1941   15.5230
    0.1991   15.5049
    0.2041   15.4867
    0.2090   15.4683
    0.2140   15.4497
    0.2190   15.4309
    0.2240   15.4119
    0.2289   15.3927
    0.2339   15.3733
    0.2389   15.3536
    0.2439   15.3337
    0.2489   15.3134
    0.2538   15.2929
    0.2588   15.2720
    0.2638   15.2508
    0.2688   15.2293
    0.2737   15.2073
    0.2787   15.1850
    0.2837   15.1622
    0.2887   15.1390
    0.2937   15.1153
    0.2986   15.0911
    0.3036   15.0665
    0.3086   15.0413
    0.3136   15.0155
    0.3185   14.9892
    0.3235   14.9622
    0.3285   14.9347
    0.3335   14.9065
    0.3384   14.8777
    0.3434   14.8482
    0.3484   14.8181
    0.3534   14.7872
    0.3584   14.7556
    0.3633   14.7233
    0.3683   14.6903
    0.3733   14.6565
    0.3783   14.6219
    0.3832   14.5866
    0.3882   14.5504
    0.3932   14.5136
    0.3982   14.4759
    0.4031   14.4375
    0.4081   14.3983
    0.4131   14.3583
    0.4181   14.3176
    0.4231   14.2761
    0.4280   14.2339
    0.4330   14.1910
    0.4380   14.1474
    0.4430   14.1032
    0.4479   14.0583
    0.4529   14.0129
    0.4579   13.9669
    0.4629   13.9204
    0.4679   13.8736
    0.4728   13.8263
    0.4778   13.7788
    0.4828   13.7311
    0.4878   13.6834
    0.4927   13.6357
    0.4977   13.5882
    0.5027   13.5410
    0.5077   13.4943
    0.5126   13.4484
    0.5176   13.4035
    0.5226   13.3598
    0.5276   13.3177
    0.5326   13.2775
    0.5375   13.2397
    0.5425   13.2046
    0.5475   13.1727
    0.5525   13.1446
    0.5574   13.1207
    0.5624   13.1015
    0.5674   13.0875
    0.5724   13.0789
    0.5774   13.0760
    0.5774   13.0760
    0.5825   13.0788
    0.5876   13.0869
    0.5927   13.1002
    0.5978   13.1185
    0.6029   13.1415
    0.6080   13.1689
    0.6131   13.2003
    0.6183   13.2352
    0.6234   13.2734
    0.6285   13.3144
    0.6336   13.3580
    0.6387   13.4037
    0.6438   13.4514
    0.6489   13.5007
    0.6540   13.5514
    0.6592   13.6033
    0.6643   13.6562
    0.6694   13.7099
    0.6745   13.7643
    0.6796   13.8191
    0.6847   13.8743
    0.6898   13.9298
    0.6949   13.9854
    0.7001   14.0409
    0.7052   14.0964
    0.7103   14.1516
    0.7154   14.2065
    0.7205   14.2610
    0.7256   14.3150
    0.7307   14.3684
    0.7358   14.4211
    0.7410   14.4731
    0.7461   14.5241
    0.7512   14.5743
    0.7563   14.6234
    0.7614   14.6713
    0.7665   14.7181
    0.7716   14.7636
    0.7767   14.8077
    0.7819   14.8504
    0.7870   14.8916
    0.7921   14.9312
    0.7972   14.9692
    0.8023   15.0055
    0.8074   15.0400
    0.8125   15.0728
    0.8177   15.1036
    0.8228   15.1327
    0.8279   15.1598
    0.8330   15.1850
    0.8381   15.2083
    0.8432   15.2297
    0.8483   15.2491
    0.8534   15.2667
    0.8586   15.2825
    0.8637   15.2964
    0.8688   15.3086
    0.8739   15.3191
    0.8790   15.3280
    0.8841   15.3353

    0.0000   16.9862
    0.0050   16.9866
    0.0100   16.9877
    0.0149   16.9894
    0.0199   16.9919
    0.0249   16.9950
    0.0299   16.9987
    0.0348   17.0030
    0.0398   17.0077
    0.0448   17.0130
    0.0498   17.0186
    0.0547   17.0245
    0.0597   17.0306
    0.0647   17.0370
    0.0697   17.0434
    0.0747   17.0499
    0.0796   17.0563
    0.0846   17.0626
    0.0896   17.0687
    0.0946   17.0745
    0.0995   17.0799
    0.1045   17.0849
    0.1095   17.0895
    0.1145   17.0934
    0.1195   17.0967
    0.1244   17.0993
    0.1294   17.1012
    0.1344   17.1022
    0.1394   17.1023
    0.1443   17.1015
    0.1493   17.0998
    0.1543   17.0970
    0.1593   17.0932
    0.1642   17.0883
    0.1692   17.0823
    0.1742   17.0751
    0.1792   17.0669
    0.1842   17.0575
    0.1891   17.0470
    0.1941   17.0353
    0.1991   17.0225
    0.2041   17.0086
    0.2090   16.9935
    0.2140   16.9774
    0.2190   16.9602
    0.2240   16.9419
    0.2289   16.9227
    0.2339   16.9024
    0.2389   16.8811
    0.2439   16.8590
    0.2489   16.8359
    0.2538   16.8119
    0.2588   16.7872
    0.2638   16.7616
    0.2688   16.7353
    0.2737   16.7082
    0.2787   16.6805
    0.2837   16.6522
    0.2887   16.6232
    0.2937   16.5937
    0.2986   16.5636
    0.3036   16.5331
    0.3086   16.5022
    0.3136   16.4708
    0.3185   16.4390
    0.3235   16.4069
    0.3285   16.3746
    0.3335   16.3419
    0.3384   16.3091
    0.3434   16.2760
    0.3484   16.2428
    0.3534   16.2095
    0.3584   16.1761
    0.3633   16.1427
    0.3683   16.1092
    0.3733   16.0757
    0.3783   16.0423
    0.3832   16.0090
    0.3882   15.9758
    0.3932   15.9427
    0.3982   15.9098
    0.4031   15.8771
    0.4081   15.8446
    0.4131   15.8124
    0.4181   15.7806
    0.4231   15.7490
    0.4280   15.7178
    0.4330   15.6871
    0.4380   15.6568
    0.4430   15.6269
    0.4479   15.5976
    0.4529   15.5688
    0.4579   15.5407
    0.4629   15.5132
    0.4679   15.4863
    0.4728   15.4602
    0.4778   15.4348
    0.4828   15.4103
    0.4878   15.3866
    0.4927   15.3639
    0.4977   15.3421
    0.5027   15.3213
    0.5077   15.3016
    0.5126   15.2829
    0.5176   15.2654
    0.5226   15.2492
    0.5276   15.2341
    0.5326   15.2204
    0.5375   15.2079
    0.5425   15.1969
    0.5475   15.1872
    0.5525   15.1790
    0.5574   15.1722
    0.5624   15.1669
    0.5674   15.1631
    0.5724   15.1608
    0.5774   15.1600
    0.5774   15.1600
    0.5825   15.1601
    0.5876   15.1603
    0.5927   15.1606
    0.5978   15.1610
    0.6029   15.1615
    0.6080   15.1622
    0.6131   15.1630
    0.6183   15.1639
    0.6234   15.1649
    0.6285   15.1661
    0.6336   15.1674
    0.6387   15.1689
    0.6438   15.1706
    0.6489   15.1724
    0.6540   15.1743
    0.6592   15.1764
    0.6643   15.1788
    0.6694   15.1813
    0.6745   15.1839
    0.6796   15.1868
    0.6847   15.1899
    0.6898   15.1932
    0.6949   15.1967
    0.7001   15.2004
    0.7052   15.2043
    0.7103   15.2084
    0.7154   15.2128
    0.7205   15.2173
    0.7256   15.2221
    0.7307   15.2271
    0.7358   15.2323
    0.7410   15.2377
    0.7461   15.2433
    0.7512   15.2490
    0.7563   15.2549
    0.7614   15.2610
    0.7665   15.2671
    0.7716   15.2734
    0.7767   15.2797
    0.7819   15.2861
    0.7870   15.2924
    0.7921   15.2988
    0.7972   15.3050
    0.8023   15.3111
    0.8074   15.3170
    0.8125   15.3227
    0.8177   15.3281
    0.8228   15.3331
    0.8279   15.3377
    0.8330   15.3417
    0.8381   15.3452
    0.8432   15.3480
    0.8483   15.3500
    0.8534   15.3512
    0.8586   15.3514
    0.8637   15.3506
    0.8688   15.3487
    0.8739   15.3455
    0.8790   15.3411
    0.8841   15.3353

    0.0000   17.5249
    0.0050   17.5253
    0.0100   17.5266
    0.0149   17.5287
    0.0199   17.5316
    0.0249   17.5354
    0.0299   17.5400
    0.0348   17.5454
    0.0398   17.5516
    0.0448   17.5586
    0.0498   17.5664
    0.0547   17.5750
    0.0597   17.5844
    0.0647   17.5945
    0.0697   17.6053
    0.0747   17.6169
    0.0796   17.6293
    0.0846   17.6423
    0.0896   17.6561
    0.0946   17.6707
    0.0995   17.6859
    0.1045   17.7019
    0.1095   17.7186
    0.1145   17.7361
    0.1195   17.7542
    0.1244   17.7731
    0.1294   17.7928
    0.1344   17.8132
    0.1394   17.8343
    0.1443   17.8562
    0.1493   17.8788
    0.1543   17.9022
    0.1593   17.9263
    0.1642   17.9512
    0.1692   17.9768
    0.1742   18.0031
    0.1792   18.0302
    0.1842   18.0579
    0.1891   18.0864
    0.1941   18.1156
    0.1991   18.1454
    0.2041   18.1759
    0.2090   18.2070
    0.2140   18.2387
    0.2190   18.2711
    0.2240   18.3040
    0.2289   18.3375
    0.2339   18.3716
    0.2389   18.4062
    0.2439   18.4413
    0.2489   18.4769
    0.2538   18.5129
    0.2588   18.5495
    0.2638   18.5864
    0.2688   18.6237
    0.2737   18.6615
    0.2787   18.6995
    0.2837   18.7380
    0.2887   18.7767
    0.2937   18.8157
    0.2986   18.8550
    0.3036   18.8946
    0.3086   18.9343
    0.3136   18.9743
    0.3185   19.0144
    0.3235   19.0547
    0.3285   19.0952
    0.3335   19.1357
    0.3384   19.1763
    0.3434   19.2169
    0.3484   19.2576
    0.3534   19.2983
    0.3584   19.3390
    0.3633   19.3796
    0.3683   19.4201
    0.3733   19.4606
    0.3783   19.5009
    0.3832   19.5411
    0.3882   19.5811
    0.3932   19.6209
    0.3982   19.6605
    0.4031   19.6998
    0.4081   19.7388
    0.4131   19.7775
    0.4181   19.8159
    0.4231   19.8539
    0.4280   19.8914
    0.4330   19.9286
    0.4380   19.9652
    0.4430   20.0013
    0.4479   20.0368
    0.4529   20.0716
    0.4579   20.1058
    0.4629   20.1392
    0.4679   20.1717
    0.4728   20.2033
    0.4778   20.2337
    0.4828   20.2629
    0.4878   20.2907
    0.4927   20.3167
    0.4977   20.3409
    0.5027   20.3629
    0.5077   20.3825
    0.5126   20.3997
    0.5176   20.4145
    0.5226   20.4271
    0.5276   20.4378
    0.5326   20.4469
    0.5375   20.4545
    0.5425   20.4609
    0.5475   20.4663
    0.5525   20.4707
    0.5574   20.4742
    0.5624   20.4768
    0.5674   20.4787
    0.5724   20.4798
    0.5774   20.4802
    0.5774   20.4802
    0.5825   20.4797
    0.5876   20.4783
    0.5927   20.4759
    0.5978   20.4726
    0.6029   20.4683
    0.6080   20.4631
    0.6131   20.4570
    0.6183   20.4500
    0.6234   20.4421
    0.6285   20.4334
    0.6336   20.4238
    0.6387   20.4133
    0.6438   20.4021
    0.6489   20.3900
    0.6540   20.3771
    0.6592   20.3635
    0.6643   20.3491
    0.6694   20.3340
    0.6745   20.3181
    0.6796   20.3015
    0.6847   20.2843
    0.6898   20.2663
    0.6949   20.2478
    0.7001   20.2286
    0.7052   20.2088
    0.7103   20.1884
    0.7154   20.1675
    0.7205   20.1462
    0.7256   20.1243
    0.7307   20.1020
    0.7358   20.0793
    0.7410   20.0563
    0.7461   20.0329
    0.7512   20.0093
    0.7563   19.9855
    0.7614   19.9616
    0.7665   19.9376
    0.7716   19.9135
    0.7767   19.8895
    0.7819   19.8655
    0.7870   19.8418
    0.7921   19.8183
    0.7972   19.7952
    0.8023   19.7724
    0.8074   19.7502
    0.8125   19.7286
    0.8177   19.7077
    0.8228   19.6876
    0.8279   19.6684
    0.8330   19.6502
    0.8381   19.6330
    0.8432   19.6138
    0.8483   19.5970
    0.8534   19.5827
    0.8586   19.5709
    0.8637   19.5615
    0.8688   19.5546
    0.8739   19.5500
    0.8790   19.5477
    0.8841   19.5477

    0.0000   19.8620
    0.0050   19.8621
    0.0100   19.8624
    0.0149   19.8629
    0.0199   19.8636
    0.0249   19.8645
    0.0299   19.8657
    0.0348   19.8670
    0.0398   19.8685
    0.0448   19.8702
    0.0498   19.8721
    0.0547   19.8743
    0.0597   19.8766
    0.0647   19.8791
    0.0697   19.8819
    0.0747   19.8848
    0.0796   19.8879
    0.0846   19.8913
    0.0896   19.8948
    0.0946   19.8985
    0.0995   19.9024
    0.1045   19.9065
    0.1095   19.9108
    0.1145   19.9153
    0.1195   19.9200
    0.1244   19.9248
    0.1294   19.9298
    0.1344   19.9350
    0.1394   19.9403
    0.1443   19.9458
    0.1493   19.9515
    0.1543   19.9573
    0.1593   19.9632
    0.1642   19.9693
    0.1692   19.9755
    0.1742   19.9818
    0.1792   19.9882
    0.1842   19.9947
    0.1891   20.0013
    0.1941   20.0080
    0.1991   20.0147
    0.2041   20.0216
    0.2090   20.0285
    0.2140   20.0355
    0.2190   20.0425
    0.2240   20.0495
    0.2289   20.0566
    0.2339   20.0638
    0.2389   20.0709
    0.2439   20.0781
    0.2489   20.0853
    0.2538   20.0925
    0.2588   20.0998
    0.2638   20.1071
    0.2688   20.1143
    0.2737   20.1216
    0.2787   20.1289
    0.2837   20.1362
    0.2887   20.1436
    0.2937   20.1509
    0.2986   20.1582
    0.3036   20.1656
    0.3086   20.1730
    0.3136   20.1804
    0.3185   20.1878
    0.3235   20.1952
    0.3285   20.2027
    0.3335   20.2102
    0.3384   20.2177
    0.3434   20.2253
    0.3484   20.2328
    0.3534   20.2405
    0.3584   20.2481
    0.3633   20.2558
    0.3683   20.2635
    0.3733   20.2713
    0.3783   20.2791
    0.3832   20.2870
    0.3882   20.2949
    0.3932   20.3029
    0.3982   20.3109
    0.4031   20.3190
    0.4081   20.3271
    0.4131   20.3352
    0.4181   20.3434
    0.4231   20.3517
    0.4280   20.3600
    0.4330   20.3684
    0.4380   20.3769
    0.4430   20.3854
    0.4479   20.3939
    0.4529   20.4026
    0.4579   20.4114
    0.4629   20.4203
    0.4679   20.4295
    0.4728   20.4388
    0.4778   20.4485
    0.4828   20.4585
    0.4878   20.4691
    0.4927   20.4804
    0.4977   20.4925
    0.5027   20.5057
    0.5077   20.5200
    0.5126   20.5353
    0.5176   20.5516
    0.5226   20.5685
    0.5276   20.5856
    0.5326   20.6025
    0.5375   20.6188
    0.5425   20.6342
    0.5475   20.6482
    0.5525   20.6606
    0.5574   20.6711
    0.5624   20.6796
    0.5674   20.6858
    0.5724   20.6895
    0.5774   20.6908
    0.5774   20.6908
    0.5825   20.6896
    0.5876   20.6886
    0.5927   20.6878
    0.5978   20.6872
    0.6029   20.6868
    0.6080   20.6867
    0.6131   20.6867
    0.6183   20.6870
    0.6234   20.6876
    0.6285   20.6883
    0.6336   20.6894
    0.6387   20.6907
    0.6438   20.6922
    0.6489   20.6941
    0.6540   20.6963
    0.6592   20.6987
    0.6643   20.7015
    0.6694   20.7047
    0.6745   20.7082
    0.6796   20.7121
    0.6847   20.7164
    0.6898   20.7211
    0.6949   20.7263
    0.7001   20.7318
    0.7052   20.7286
    0.7103   20.6793
    0.7154   20.6294
    0.7205   20.5790
    0.7256   20.5284
    0.7307   20.4776
    0.7358   20.4268
    0.7410   20.3761
    0.7461   20.3257
    0.7512   20.2758
    0.7563   20.2264
    0.7614   20.1779
    0.7665   20.1302
    0.7716   20.0836
    0.7767   20.0382
    0.7819   19.9941
    0.7870   19.9516
    0.7921   19.9106
    0.7972   19.8714
    0.8023   19.8340
    0.8074   19.7987
    0.8125   19.7654
    0.8177   19.7343
    0.8228   19.7054
    0.8279   19.6789
    0.8330   19.6547
    0.8381   19.6331
    0.8432   19.6172
    0.8483   19.6027
    0.8534   19.5896
    0.8586   19.5781
    0.8637   19.5683
    0.8688   19.5602
    0.8739   19.5540
    0.8790   19.5498
    0.8841   19.5477

    0.0000   21.4623
    0.0050   21.4622
    0.0100   21.4619
    0.0149   21.4613
    0.0199   21.4604
    0.0249   21.4593
    0.0299   21.4580
    0.0348   21.4564
    0.0398   21.4546
    0.0448   21.4526
    0.0498   21.4503
    0.0547   21.4478
    0.0597   21.4450
    0.0647   21.4420
    0.0697   21.4388
    0.0747   21.4353
    0.0796   21.4316
    0.0846   21.4277
    0.0896   21.4235
    0.0946   21.4192
    0.0995   21.4146
    0.1045   21.4097
    0.1095   21.4047
    0.1145   21.3994
    0.1195   21.3939
    0.1244   21.3882
    0.1294   21.3823
    0.1344   21.3762
    0.1394   21.3699
    0.1443   21.3633
    0.1493   21.3566
    0.1543   21.3497
    0.1593   21.3426
    0.1642   21.3352
    0.1692   21.3278
    0.1742   21.3201
    0.1792   21.3122
    0.1842   21.3042
    0.1891   21.2960
    0.1941   21.2877
    0.1991   21.2792
    0.2041   21.2705
    0.2090   21.2617
    0.2140   21.2527
    0.2190   21.2436
    0.2240   21.2344
    0.2289   21.2250
    0.2339   21.2155
    0.2389   21.2059
    0.2439   21.1961
    0.2489   21.1863
    0.2538   21.1764
    0.2588   21.1663
    0.2638   21.1562
    0.2688   21.1460
    0.2737   21.1357
    0.2787   21.1254
    0.2837   21.1150
    0.2887   21.1045
    0.2937   21.0940
    0.2986   21.0835
    0.3036   21.0729
    0.3086   21.0623
    0.3136   21.0517
    0.3185   21.0411
    0.3235   21.0305
    0.3285   21.0199
    0.3335   21.0094
    0.3384   20.9988
    0.3434   20.9883
    0.3484   20.9779
    0.3534   20.9675
    0.3584   20.9572
    0.3633   20.9469
    0.3683   20.9367
    0.3733   20.9267
    0.3783   20.9167
    0.3832   20.9068
    0.3882   20.8971
    0.3932   20.8875
    0.3982   20.8780
    0.4031   20.8687
    0.4081   20.8595
    0.4131   20.8505
    0.4181   20.8417
    0.4231   20.8331
    0.4280   20.8246
    0.4330   20.8164
    0.4380   20.8084
    0.4430   20.8005
    0.4479   20.7929
    0.4529   20.7856
    0.4579   20.7784
    0.4629   20.7715
    0.4679   20.7649
    0.4728   20.7585
    0.4778   20.7524
    0.4828   20.7465
    0.4878   20.7409
    0.4927   20.7356
    0.4977   20.7306
    0.5027   20.7258
    0.5077   20.7214
    0.5126   20.7172
    0.5176   20.7133
    0.5226   20.7098
    0.5276   20.7065
    0.5326   20.7035
    0.5375   20.7009
    0.5425   20.6985
    0.5475   20.6965
    0.5525   20.6947
    0.5574   20.6933
    0.5624   20.6922
    0.5674   20.6914
    0.5724   20.6910
    0.5774   20.6908
    0.5774   20.6908
    0.5825   20.6922
    0.5876   20.6938
    0.5927   20.6956
    0.5978   20.6976
    0.6029   20.6998
    0.6080   20.7022
    0.6131   20.7047
    0.6183   20.7074
    0.6234   20.7103
    0.6285   20.7134
    0.6336   20.7166
    0.6387   20.7201
    0.6438   20.7237
    0.6489   20.7275
    0.6540   20.7316
    0.6592   20.7358
    0.6643   20.7403
    0.6694   20.7450
    0.6745   20.7500
    0.6796   20.7552
    0.6847   20.7607
    0.6898   20.7665
    0.6949   20.7726
    0.7001   20.7771
    0.7052   20.7379
    0.7103   20.7445
    0.7154   20.7515
    0.7205   20.7591
    0.7256   20.7672
    0.7307   20.7759
    0.7358   20.7851
    0.7410   20.7949
    0.7461   20.8053
    0.7512   20.8163
    0.7563   20.8279
    0.7614   20.8402
    0.7665   20.8531
    0.7716   20.8666
    0.7767   20.8809
    0.7819   20.8957
    0.7870   20.9112
    0.7921   20.9275
    0.7972   20.9443
    0.8023   20.9619
    0.8074   20.9801
    0.8125   20.9990
    0.8177   21.0185
    0.8228   21.0388
    0.8279   21.0596
    0.8330   21.0812
    0.8381   21.1033
    0.8432   21.1261
    0.8483   21.1495
    0.8534   21.1736
    0.8586   21.1982
    0.8637   21.2233
    0.8688   21.2491
    0.8739   21.2753
    0.8790   21.3021
    0.8841   21.3294

    0.0000   21.7066
    0.0050   21.7064
    0.0100   21.7058
    0.0149   21.7047
    0.0199   21.7032
    0.0249   21.7013
    0.0299   21.6990
    0.0348   21.6964
    0.0398   21.6934
    0.0448   21.6901
    0.0498   21.6865
    0.0547   21.6827
    0.0597   21.6787
    0.0647   21.6744
    0.0697   21.6701
    0.0747   21.6656
    0.0796   21.6610
    0.0846   21.6565
    0.0896   21.6520
    0.0946   21.6475
    0.0995   21.6432
    0.1045   21.6390
    0.1095   21.6350
    0.1145   21.6312
    0.1195   21.6278
    0.1244   21.6246
    0.1294   21.6218
    0.1344   21.6193
    0.1394   21.6173
    0.1443   21.6157
    0.1493   21.6146
    0.1543   21.6140
    0.1593   21.6139
    0.1642   21.6144
    0.1692   21.6153
    0.1742   21.6168
    0.1792   21.6189
    0.1842   21.6216
    0.1891   21.6248
    0.1941   21.6285
    0.1991   21.6328
    0.2041   21.6377
    0.2090   21.6430
    0.2140   21.6489
    0.2190   21.6552
    0.2240   21.6620
    0.2289   21.6693
    0.2339   21.6769
    0.2389   21.6849
    0.2439   21.6933
    0.2489   21.7019
    0.2538   21.7109
    0.2588   21.7200
    0.2638   21.7294
    0.2688   21.7389
    0.2737   21.7485
    0.2787   21.7581
    0.2837   21.7678
    0.2887   21.7775
    0.2937   21.7870
    0.2986   21.7965
    0.3036   21.8058
    0.3086   21.8149
    0.3136   21.8237
    0.3185   21.8322
    0.3235   21.8404
    0.3285   21.8482
    0.3335   21.8555
    0.3384   21.8623
    0.3434   21.8686
    0.3484   21.8743
    0.3534   21.8794
    0.3584   21.8838
    0.3633   21.8875
    0.3683   21.8905
    0.3733   21.8926
    0.3783   21.8939
    0.3832   21.8944
    0.3882   21.8939
    0.3932   21.8925
    0.3982   21.8901
    0.4031   21.8867
    0.4081   21.8822
    0.4131   21.8768
    0.4181   21.8703
    0.4231   21.8627
    0.4280   21.8541
    0.4330   21.8445
    0.4380   21.8339
    0.4430   21.8222
    0.4479   21.8096
    0.4529   21.7962
    0.4579   21.7818
    0.4629   21.7666
    0.4679   21.7508
    0.4728   21.7342
    0.4778   21.7171
    0.4828   21.6995
    0.4878   21.6814
    0.4927   21.6631
    0.4977   21.6446
    0.5027   21.6260
    0.5077   21.6075
    0.5126   21.5891
    0.5176   21.5710
    0.5226   21.5534
    0.5276   21.5364
    0.5326   21.5202
    0.5375   21.5049
    0.5425   21.4907
    0.5475   21.4780
    0.5525   21.4667
    0.5574   21.4572
    0.5624   21.4495
    0.5674   21.4440
    0.5724   21.4406
    0.5774   21.4394
    0.5774   21.4394
    0.5825   21.4381
    0.5876   21.4342
    0.5927   21.4278
    0.5978   21.4187
    0.6029   21.4071
    0.6080   21.3930
    0.6131   21.3764
    0.6183   21.3573
    0.6234   21.3358
    0.6285   21.3121
    0.6336   21.2860
    0.6387   21.2577
    0.6438   21.2273
    0.6489   21.1948
    0.6540   21.1603
    0.6592   21.1239
    0.6643   21.0857
    0.6694   21.0459
    0.6745   21.0044
    0.6796   20.9614
    0.6847   20.9171
    0.6898   20.8715
    0.6949   20.8248
    0.7001   20.7791
    0.7052   20.7858
    0.7103   20.7929
    0.7154   20.8004
    0.7205   20.8083
    0.7256   20.8165
    0.7307   20.8252
    0.7358   20.8343
    0.7410   20.8439
    0.7461   20.8539
    0.7512   20.8644
    0.7563   20.8754
    0.7614   20.8868
    0.7665   20.8988
    0.7716   20.9113
    0.7767   20.9244
    0.7819   20.9380
    0.7870   20.9521
    0.7921   20.9668
    0.7972   20.9821
    0.8023   20.9979
    0.8074   21.0143
    0.8125   21.0313
    0.8177   21.0489
    0.8228   21.0671
    0.8279   21.0859
    0.8330   21.1052
    0.8381   21.1251
    0.8432   21.1456
    0.8483   21.1667
    0.8534   21.1883
    0.8586   21.2105
    0.8637   21.2332
    0.8688   21.2565
    0.8739   21.2803
    0.8790   21.3046
    0.8841   21.3294

    0.0000   24.1222
    0.0050   24.1222
    0.0100   24.1222
    0.0149   24.1222
    0.0199   24.1221
    0.0249   24.1220
    0.0299   24.1219
    0.0348   24.1217
    0.0398   24.1215
    0.0448   24.1212
    0.0498   24.1208
    0.0547   24.1202
    0.0597   24.1196
    0.0647   24.1188
    0.0697   24.1178
    0.0747   24.1166
    0.0796   24.1152
    0.0846   24.1135
    0.0896   24.1115
    0.0946   24.1093
    0.0995   24.1068
    0.1045   24.1039
    0.1095   24.1006
    0.1145   24.0970
    0.1195   24.0929
    0.1244   24.0884
    0.1294   24.0834
    0.1344   24.0780
    0.1394   24.0721
    0.1443   24.0656
    0.1493   24.0586
    0.1543   24.0511
    0.1593   24.0430
    0.1642   24.0343
    0.1692   24.0250
    0.1742   24.0152
    0.1792   24.0047
    0.1842   23.9935
    0.1891   23.9818
    0.1941   23.9694
    0.1991   23.9564
    0.2041   23.9427
    0.2090   23.9284
    0.2140   23.9134
    0.2190   23.8978
    0.2240   23.8816
    0.2289   23.8647
    0.2339   23.8472
    0.2389   23.8291
    0.2439   23.8103
    0.2489   23.7910
    0.2538   23.7710
    0.2588   23.7505
    0.2638   23.7295
    0.2688   23.7078
    0.2737   23.6857
    0.2787   23.6631
    0.2837   23.6400
    0.2887   23.6164
    0.2937   23.5924
    0.2986   23.5680
    0.3036   23.5433
    0.3086   23.5182
    0.3136   23.4928
    0.3185   23.4671
    0.3235   23.4412
    0.3285   23.4151
    0.3335   23.3889
    0.3384   23.3625
    0.3434   23.3361
    0.3484   23.3097
    0.3534   23.2832
    0.3584   23.2569
    0.3633   23.2306
    0.3683   23.2046
    0.3733   23.1787
    0.3783   23.1532
    0.3832   23.1279
    0.3882   23.1031
    0.3932   23.0786
    0.3982   23.0547
    0.4031   23.0312
    0.4081   23.0084
    0.4131   22.9861
    0.4181   22.9646
    0.4231   22.9437
    0.4280   22.9235
    0.4330   22.9041
    0.4380   22.8854
    0.4430   22.8676
    0.4479   22.8505
    0.4529   22.8342
    0.4579   22.8188
    0.4629   22.8041
    0.4679   22.7902
    0.4728   22.7771
    0.4778   22.7647
    0.4828   22.7531
    0.4878   22.7422
    0.4927   22.7320
    0.4977   22.7225
    0.5027   22.7136
    0.5077   22.7054
    0.5126   22.6978
    0.5176   22.6909
    0.5226   22.6845
    0.5276   22.6788
    0.5326   22.6736
    0.5375   22.6690
    0.5425   22.6649
    0.5475   22.6614
    0.5525   22.6584
    0.5574   22.6560
    0.5624   22.6541
    0.5674   22.6528
    0.5724   22.6520
    0.5774   22.6517
    0.5774   22.6517
    0.5825   22.6500
    0.5876   22.6472
    0.5927   22.6433
    0.5978   22.6383
    0.6029   22.6322
    0.6080   22.6250
    0.6131   22.6167
    0.6183   22.6075
    0.6234   22.5971
    0.6285   22.5858
    0.6336   22.5734
    0.6387   22.5601
    0.6438   22.5458
    0.6489   22.5306
    0.6540   22.5144
    0.6592   22.4973
    0.6643   22.4794
    0.6694   22.4606
    0.6745   22.4410
    0.6796   22.4205
    0.6847   22.3994
    0.6898   22.3774
    0.6949   22.3548
    0.7001   22.3315
    0.7052   22.3075
    0.7103   22.2829
    0.7154   22.2578
    0.7205   22.2321
    0.7256   22.2059
    0.7307   22.1792
    0.7358   22.1521
    0.7410   22.1245
    0.7461   22.0966
    0.7512   22.0684
    0.7563   22.0398
    0.7614   22.0110
    0.7665   21.9820
    0.7716   21.9528
    0.7767   21.9234
    0.7819   21.8939
    0.7870   21.8643
    0.7921   21.8347
    0.7972   21.8050
    0.8023   21.7754
    0.8074   21.7458
    0.8125   21.7164
    0.8177   21.6870
    0.8228   21.6578
    0.8279   21.6288
    0.8330   21.5999
    0.8381   21.5714
    0.8432   21.5431
    0.8483   21.5150
    0.8534   21.4874
    0.8586   21.4600
    0.8637   21.4331
    0.8688   21.4065
    0.8739   21.3803
    0.8790   21.3546
    0.8841   21.3294

    0.0000   25.2901
    0.0050   25.2897
    0.0100   25.2884
    0.0149   25.2862
    0.0199   25.2832
    0.0249   25.2793
    0.0299   25.2746
    0.0348   25.2690
    0.0398   25.2625
    0.0448   25.2552
    0.0498   25.2471
    0.0547   25.2381
    0.0597   25.2282
    0.0647   25.2176
    0.0697   25.2061
    0.0747   25.1938
    0.0796   25.1807
    0.0846   25.1668
    0.0896   25.1521
    0.0946   25.1366
    0.0995   25.1203
    0.1045   25.1032
    0.1095   25.0854
    0.1145   25.0669
    0.1195   25.0476
    0.1244   25.0276
    0.1294   25.0068
    0.1344   24.9854
    0.1394   24.9633
    0.1443   24.9404
    0.1493   24.9170
    0.1543   24.8928
    0.1593   24.8681
    0.1642   24.8427
    0.1692   24.8167
    0.1742   24.7901
    0.1792   24.7629
    0.1842   24.7352
    0.1891   24.7069
    0.1941   24.6781
    0.1991   24.6488
    0.2041   24.6190
    0.2090   24.5887
    0.2140   24.5580
    0.2190   24.5268
    0.2240   24.4952
    0.2289   24.4632
    0.2339   24.4308
    0.2389   24.3981
    0.2439   24.3650
    0.2489   24.3316
    0.2538   24.2979
    0.2588   24.2639
    0.2638   24.2297
    0.2688   24.1952
    0.2737   24.1606
    0.2787   24.1257
    0.2837   24.0906
    0.2887   24.0555
    0.2937   24.0202
    0.2986   23.9848
    0.3036   23.9493
    0.3086   23.9138
    0.3136   23.8782
    0.3185   23.8427
    0.3235   23.8071
    0.3285   23.7717
    0.3335   23.7363
    0.3384   23.7010
    0.3434   23.6658
    0.3484   23.6308
    0.3534   23.5960
    0.3584   23.5614
    0.3633   23.5271
    0.3683   23.4930
    0.3733   23.4592
    0.3783   23.4257
    0.3832   23.3926
    0.3882   23.3598
    0.3932   23.3275
    0.3982   23.2956
    0.4031   23.2642
    0.4081   23.2332
    0.4131   23.2028
    0.4181   23.1730
    0.4231   23.1437
    0.4280   23.1150
    0.4330   23.0869
    0.4380   23.0596
    0.4430   23.0329
    0.4479   23.0069
    0.4529   22.9816
    0.4579   22.9571
    0.4629   22.9334
    0.4679   22.9106
    0.4728   22.8885
    0.4778   22.8673
    0.4828   22.8470
    0.4878   22.8276
    0.4927   22.8092
    0.4977   22.7916
    0.5027   22.7750
    0.5077   22.7594
    0.5126   22.7449
    0.5176   22.7313
    0.5226   22.7187
    0.5276   22.7072
    0.5326   22.6967
    0.5375   22.6874
    0.5425   22.6791
    0.5475   22.6718
    0.5525   22.6657
    0.5574   22.6607
    0.5624   22.6568
    0.5674   22.6540
    0.5724   22.6523
    0.5774   22.6517
    0.5774   22.6517
    0.5825   22.6524
    0.5876   22.6519
    0.5927   22.6503
    0.5978   22.6475
    0.6029   22.6437
    0.6080   22.6388
    0.6131   22.6327
    0.6183   22.6256
    0.6234   22.6174
    0.6285   22.6081
    0.6336   22.5978
    0.6387   22.5864
    0.6438   22.5740
    0.6489   22.5605
    0.6540   22.5461
    0.6592   22.5306
    0.6643   22.5142
    0.6694   22.4969
    0.6745   22.4786
    0.6796   22.4595
    0.6847   22.4394
    0.6898   22.4185
    0.6949   22.3968
    0.7001   22.3743
    0.7052   22.3511
    0.7103   22.3271
    0.7154   22.3024
    0.7205   22.2771
    0.7256   22.2511
    0.7307   22.2245
    0.7358   22.1974
    0.7410   22.1697
    0.7461   22.1415
    0.7512   22.1129
    0.7563   22.0839
    0.7614   22.0544
    0.7665   22.0247
    0.7716   21.9946
    0.7767   21.9642
    0.7819   21.9336
    0.7870   21.9028
    0.7921   21.8719
    0.7972   21.8408
    0.8023   21.8097
    0.8074   21.7785
    0.8125   21.7473
    0.8177   21.7162
    0.8228   21.6851
    0.8279   21.6541
    0.8330   21.6232
    0.8381   21.5925
    0.8432   21.5620
    0.8483   21.5318
    0.8534   21.5018
    0.8586   21.4722
    0.8637   21.4428
    0.8688   21.4138
    0.8739   21.3853
    0.8790   21.3571
    0.8841   21.3294

