    0.0000   21.9373
    0.0050   21.9357
    0.0100   21.9308
    0.0149   21.9226
    0.0199   21.9111
    0.0249   21.8963
    0.0299   21.8783
    0.0348   21.8569
    0.0398   21.8323
    0.0448   21.8043
    0.0498   21.7730
    0.0547   21.7383
    0.0597   21.7003
    0.0647   21.6589
    0.0697   21.6142
    0.0747   21.5660
    0.0796   21.5145
    0.0846   21.4595
    0.0896   21.4011
    0.0946   21.3393
    0.0995   21.2739
    0.1045   21.2051
    0.1095   21.1328
    0.1145   21.0569
    0.1195   20.9775
    0.1244   20.8946
    0.1294   20.8080
    0.1344   20.7179
    0.1394   20.6242
    0.1443   20.5269
    0.1493   20.4259
    0.1543   20.3213
    0.1593   20.2130
    0.1642   20.1011
    0.1692   19.9854
    0.1742   19.8661
    0.1792   19.7431
    0.1842   19.6164
    0.1891   19.4860
    0.1941   19.3519
    0.1991   19.2141
    0.2041   19.0725
    0.2090   18.9273
    0.2140   18.7783
    0.2190   18.6256
    0.2240   18.4693
    0.2289   18.3092
    0.2339   18.1455
    0.2389   17.9781
    0.2439   17.8070
    0.2489   17.6323
    0.2538   17.4539
    0.2588   17.2719
    0.2638   17.0864
    0.2688   16.8972
    0.2737   16.7046
    0.2787   16.5084
    0.2837   16.3087
    0.2887   16.1055
    0.2937   15.8989
    0.2986   15.6888
    0.3036   15.4754
    0.3086   15.2587
    0.3136   15.0386
    0.3185   14.8153
    0.3235   14.5887
    0.3285   14.3589
    0.3335   14.1260
    0.3384   13.8900
    0.3434   13.6509
    0.3484   13.4088
    0.3534   13.1637
    0.3584   12.9157
    0.3633   12.6649
    0.3683   12.4112
    0.3733   12.1547
    0.3783   11.8955
    0.3832   11.6336
    0.3882   11.3692
    0.3932   11.1021
    0.3982   10.8326
    0.4031   10.5606
    0.4081   10.2863
    0.4131   10.0096
    0.4181    9.7306
    0.4231    9.4495
    0.4280    9.1662
    0.4330    8.8808
    0.4380    8.5934
    0.4430    8.3040
    0.4479    8.0128
    0.4529    7.7197
    0.4579    7.4249
    0.4629    7.1284
    0.4679    6.8303
    0.4728    6.5306
    0.4778    6.2294
    0.4828    5.9268
    0.4878    5.6228
    0.4927    5.3176
    0.4977    5.0111
    0.5027    4.7035
    0.5077    4.3948
    0.5126    4.0851
    0.5176    3.7745
    0.5226    3.4630
    0.5276    3.1507
    0.5326    2.8377
    0.5375    2.5241
    0.5425    2.2098
    0.5475    1.8951
    0.5525    1.5703
    0.5574    1.2047
    0.5624    0.8195
    0.5674    0.3710
    0.5724    0.3423
    0.5774    0.0000
    0.5774    0.0000
    0.5825    0.4152
    0.5876    0.8303
    0.5927    1.2449
    0.5978    1.6591
    0.6029    2.0724
    0.6080    2.4848
    0.6131    2.8961
    0.6183    3.3060
    0.6234    3.7145
    0.6285    4.1213
    0.6336    4.5262
    0.6387    4.9291
    0.6438    5.3297
    0.6489    5.7280
    0.6540    6.1237
    0.6592    6.5167
    0.6643    6.9067
    0.6694    7.2936
    0.6745    7.6773
    0.6796    8.0576
    0.6847    8.4342
    0.6898    8.8072
    0.6949    9.1762
    0.7001    9.5412
    0.7052    9.9020
    0.7103   10.2584
    0.7154   10.6104
    0.7205   10.9577
    0.7256   11.3003
    0.7307   11.6379
    0.7358   11.9706
    0.7410   12.2981
    0.7461   12.6203
    0.7512   12.9371
    0.7563   13.2485
    0.7614   13.5542
    0.7665   13.8542
    0.7716   14.1485
    0.7767   14.4368
    0.7819   14.7191
    0.7870   14.9954
    0.7921   15.2656
    0.7972   15.5295
    0.8023   15.7872
    0.8074   16.0386
    0.8125   16.2835
    0.8177   16.5220
    0.8228   16.7540
    0.8279   16.9795
    0.8330   17.1985
    0.8381   17.4109
    0.8432   17.6167
    0.8483   17.8159
    0.8534   18.0085
    0.8586   18.1944
    0.8637   18.3738
    0.8688   18.5466
    0.8739   18.7128
    0.8790   18.8724
    0.8841   19.0256

    0.0000   29.1260
    0.0050   29.1205
    0.0100   29.1040
    0.0149   29.0765
    0.0199   29.0383
    0.0249   28.9895
    0.0299   28.9306
    0.0348   28.8616
    0.0398   28.7831
    0.0448   28.6954
    0.0498   28.5989
    0.0547   28.4940
    0.0597   28.3810
    0.0647   28.2604
    0.0697   28.1325
    0.0747   27.9977
    0.0796   27.8563
    0.0846   27.7087
    0.0896   27.5552
    0.0946   27.3961
    0.0995   27.2316
    0.1045   27.0619
    0.1095   26.8874
    0.1145   26.7082
    0.1195   26.5246
    0.1244   26.3366
    0.1294   26.1445
    0.1344   25.9485
    0.1394   25.7487
    0.1443   25.5451
    0.1493   25.3380
    0.1543   25.1275
    0.1593   24.9136
    0.1642   24.6965
    0.1692   24.4762
    0.1742   24.2529
    0.1792   24.0266
    0.1842   23.7973
    0.1891   23.5653
    0.1941   23.3304
    0.1991   23.0929
    0.2041   22.8526
    0.2090   22.6098
    0.2140   22.3645
    0.2190   22.1166
    0.2240   21.8663
    0.2289   21.6136
    0.2339   21.3585
    0.2389   21.1012
    0.2439   20.8415
    0.2489   20.5796
    0.2538   20.3155
    0.2588   20.0492
    0.2638   19.7809
    0.2688   19.5104
    0.2737   19.2378
    0.2787   18.9633
    0.2837   18.6867
    0.2887   18.4082
    0.2937   18.1278
    0.2986   17.8455
    0.3036   17.5613
    0.3086   17.2752
    0.3136   16.9874
    0.3185   16.6978
    0.3235   16.4064
    0.3285   16.1134
    0.3335   15.8186
    0.3384   15.5222
    0.3434   15.2242
    0.3484   14.9245
    0.3534   14.6233
    0.3584   14.3206
    0.3633   14.0164
    0.3683   13.7107
    0.3733   13.4035
    0.3783   13.0949
    0.3832   12.7849
    0.3882   12.4736
    0.3932   12.1609
    0.3982   11.8469
    0.4031   11.5317
    0.4081   11.2152
    0.4131   10.8975
    0.4181   10.5786
    0.4231   10.2585
    0.4280    9.9374
    0.4330    9.6151
    0.4380    9.2917
    0.4430    8.9673
    0.4479    8.6419
    0.4529    8.3155
    0.4579    7.9881
    0.4629    7.6597
    0.4679    7.3305
    0.4728    7.0003
    0.4778    6.6693
    0.4828    6.3373
    0.4878    6.0046
    0.4927    5.6709
    0.4977    5.3364
    0.5027    5.0011
    0.5077    4.6648
    0.5126    4.3276
    0.5176    3.9894
    0.5226    3.6500
    0.5276    3.3094
    0.5326    2.9673
    0.5375    2.6232
    0.5425    2.2765
    0.5475    1.9262
    0.5525    1.5799
    0.5574    1.2643
    0.5624    0.9485
    0.5674    0.6325
    0.5724    0.3163
    0.5774    0.0000
    0.5774    0.0000
    0.5825    0.4152
    0.5876    0.8303
    0.5927    1.2449
    0.5978    1.6591
    0.6029    2.0724
    0.6080    2.4848
    0.6131    2.8961
    0.6183    3.3060
    0.6234    3.7145
    0.6285    4.1213
    0.6336    4.5262
    0.6387    4.9291
    0.6438    5.3297
    0.6489    5.7280
    0.6540    6.1237
    0.6592    6.5167
    0.6643    6.9067
    0.6694    7.2936
    0.6745    7.6773
    0.6796    8.0576
    0.6847    8.4342
    0.6898    8.8072
    0.6949    9.1762
    0.7001    9.5412
    0.7052    9.9020
    0.7103   10.2584
    0.7154   10.6104
    0.7205   10.9577
    0.7256   11.3003
    0.7307   11.6379
    0.7358   11.9706
    0.7410   12.2981
    0.7461   12.6203
    0.7512   12.9371
    0.7563   13.2485
    0.7614   13.5542
    0.7665   13.8542
    0.7716   14.1485
    0.7767   14.4368
    0.7819   14.7191
    0.7870   14.9954
    0.7921   15.2656
    0.7972   15.5295
    0.8023   15.7872
    0.8074   16.0386
    0.8125   16.2835
    0.8177   16.5220
    0.8228   16.7540
    0.8279   16.9795
    0.8330   17.1985
    0.8381   17.4109
    0.8432   17.6167
    0.8483   17.8159
    0.8534   18.0085
    0.8586   18.1944
    0.8637   18.3738
    0.8688   18.5466
    0.8739   18.7128
    0.8790   18.8724
    0.8841   19.0256

    0.0000   32.5619
    0.0050   32.5602
    0.0100   32.5551
    0.0149   32.5465
    0.0199   32.5345
    0.0249   32.5191
    0.0299   32.5002
    0.0348   32.4779
    0.0398   32.4523
    0.0448   32.4232
    0.0498   32.3907
    0.0547   32.3549
    0.0597   32.3157
    0.0647   32.2731
    0.0697   32.2273
    0.0747   32.1780
    0.0796   32.1255
    0.0846   32.0697
    0.0896   32.0107
    0.0946   31.9484
    0.0995   31.8828
    0.1045   31.8141
    0.1095   31.7422
    0.1145   31.6671
    0.1195   31.5890
    0.1244   31.5077
    0.1294   31.4234
    0.1344   31.3361
    0.1394   31.2457
    0.1443   31.1524
    0.1493   31.0562
    0.1543   30.9571
    0.1593   30.8552
    0.1642   30.7504
    0.1692   30.6429
    0.1742   30.5327
    0.1792   30.4199
    0.1842   30.3044
    0.1891   30.1864
    0.1941   30.0658
    0.1991   29.9428
    0.2041   29.8174
    0.2090   29.6897
    0.2140   29.5597
    0.2190   29.4275
    0.2240   29.2931
    0.2289   29.1566
    0.2339   29.0182
    0.2389   28.8778
    0.2439   28.7355
    0.2489   28.5914
    0.2538   28.4456
    0.2588   28.2982
    0.2638   28.1492
    0.2688   27.9988
    0.2737   27.8470
    0.2787   27.6939
    0.2837   27.5396
    0.2887   27.3842
    0.2937   27.2278
    0.2986   27.0705
    0.3036   26.9124
    0.3086   26.7535
    0.3136   26.5941
    0.3185   26.4342
    0.3235   26.2740
    0.3285   26.1135
    0.3335   25.9528
    0.3384   25.7921
    0.3434   25.6315
    0.3484   25.4712
    0.3534   25.3112
    0.3584   25.1517
    0.3633   24.9928
    0.3683   24.8346
    0.3733   24.6773
    0.3783   24.5211
    0.3832   24.3660
    0.3882   24.2122
    0.3932   23.6413
    0.3982   23.0473
    0.4031   22.4497
    0.4081   21.8485
    0.4131   21.2439
    0.4181   20.6360
    0.4231   20.0248
    0.4280   19.4105
    0.4330   18.7931
    0.4380   18.1728
    0.4430   17.5497
    0.4479   16.9238
    0.4529   16.2954
    0.4579   15.6644
    0.4629   15.0311
    0.4679   14.3954
    0.4728   13.7576
    0.4778   13.1177
    0.4828   12.4758
    0.4878   11.8321
    0.4927   11.1867
    0.4977   10.5397
    0.5027    9.8911
    0.5077    9.2413
    0.5126    8.5902
    0.5176    7.9381
    0.5226    7.2851
    0.5276    6.6314
    0.5326    5.9772
    0.5375    5.3229
    0.5425    4.6688
    0.5475    4.0156
    0.5525    3.3639
    0.5574    2.7153
    0.5624    2.0721
    0.5674    1.4386
    0.5724    0.8179
    0.5774    0.0000
    0.5774    0.0000
    0.5825    0.7564
    0.5876    1.5124
    0.5927    2.2679
    0.5978    3.0225
    0.6029    3.7758
    0.6080    4.5276
    0.6131    5.2777
    0.6183    6.0256
    0.6234    6.7711
    0.6285    7.5139
    0.6336    8.2538
    0.6387    8.9904
    0.6438    9.7234
    0.6489   10.4526
    0.6540   11.1777
    0.6592   11.8985
    0.6643   12.6146
    0.6694   13.3259
    0.6745   14.0319
    0.6796   14.7326
    0.6847   15.4277
    0.6898   16.1168
    0.6949   16.7999
    0.7001   17.4766
    0.7052   18.1468
    0.7103   18.8102
    0.7154   19.4666
    0.7205   20.1159
    0.7256   20.7579
    0.7307   21.0175
    0.7358   21.0133
    0.7410   21.0063
    0.7461   20.9964
    0.7512   20.9834
    0.7563   20.9671
    0.7614   20.9473
    0.7665   20.9238
    0.7716   20.8965
    0.7767   20.8652
    0.7819   20.8297
    0.7870   20.7899
    0.7921   20.7455
    0.7972   20.6965
    0.8023   20.6427
    0.8074   20.5839
    0.8125   20.5200
    0.8177   20.4509
    0.8228   20.3764
    0.8279   20.2964
    0.8330   20.2108
    0.8381   20.1196
    0.8432   20.0224
    0.8483   19.9194
    0.8534   19.8104
    0.8586   19.6952
    0.8637   19.5739
    0.8688   19.4464
    0.8739   19.3125
    0.8790   19.1722
    0.8841   19.0256

    0.0000   36.3732
    0.0050   36.3770
    0.0100   36.3882
    0.0149   36.4069
    0.0199   36.4328
    0.0249   36.4658
    0.0299   36.5054
    0.0348   36.5515
    0.0398   36.6036
    0.0448   36.6614
    0.0498   36.7244
    0.0547   36.7924
    0.0597   36.8648
    0.0647   36.9412
    0.0697   37.0214
    0.0747   37.1049
    0.0796   37.1913
    0.0846   37.2803
    0.0896   37.3716
    0.0946   37.4649
    0.0995   37.5598
    0.1045   37.6561
    0.1095   37.7535
    0.1145   37.8518
    0.1195   37.9507
    0.1244   38.0499
    0.1294   38.1494
    0.1344   38.2487
    0.1394   38.3478
    0.1443   38.4464
    0.1493   38.5442
    0.1543   38.6411
    0.1593   38.7367
    0.1642   38.8310
    0.1692   38.9235
    0.1742   39.0140
    0.1792   39.1021
    0.1842   39.1876
    0.1891   39.2699
    0.1941   39.3485
    0.1991   39.4228
    0.2041   39.4920
    0.2090   39.5549
    0.2140   39.6097
    0.2190   39.6534
    0.2240   39.6803
    0.2289   39.6775
    0.2339   39.6142
    0.2389   39.4372
    0.2439   39.1339
    0.2489   38.7554
    0.2538   38.3406
    0.2588   37.9059
    0.2638   37.4581
    0.2688   37.0002
    0.2737   36.5339
    0.2787   36.0601
    0.2837   35.5794
    0.2887   35.0922
    0.2937   34.5987
    0.2986   34.0992
    0.3036   33.5939
    0.3086   33.0830
    0.3136   32.5665
    0.3185   32.0446
    0.3235   31.5174
    0.3285   30.9851
    0.3335   30.4477
    0.3384   29.9053
    0.3434   29.3581
    0.3484   28.8062
    0.3534   28.2496
    0.3584   27.6884
    0.3633   27.1228
    0.3683   26.5528
    0.3733   25.9786
    0.3783   25.4003
    0.3832   24.8179
    0.3882   24.2315
    0.3932   24.0598
    0.3982   23.9091
    0.4031   23.7600
    0.4081   23.6129
    0.4131   23.4678
    0.4181   23.3249
    0.4231   23.1843
    0.4280   23.0462
    0.4330   22.9107
    0.4380   22.7780
    0.4430   22.6483
    0.4479   22.5217
    0.4529   22.3983
    0.4579   22.2783
    0.4629   22.1619
    0.4679   22.0491
    0.4728   21.9402
    0.4778   21.8353
    0.4828   21.7345
    0.4878   21.6379
    0.4927   21.5457
    0.4977   21.4580
    0.5027   21.3750
    0.5077   21.2967
    0.5126   21.2233
    0.5176   21.1549
    0.5226   21.0916
    0.5276   21.0334
    0.5326   20.9805
    0.5375   20.9329
    0.5425   20.8908
    0.5475   20.8541
    0.5525   20.8230
    0.5574   20.7975
    0.5624   20.7776
    0.5674   20.7633
    0.5724   20.7548
    0.5774   20.7519
    0.5774   20.7519
    0.5825   20.7526
    0.5876   20.7547
    0.5927   20.7580
    0.5978   20.7627
    0.6029   20.7687
    0.6080   20.7759
    0.6131   20.7842
    0.6183   20.7936
    0.6234   20.8040
    0.6285   20.8153
    0.6336   20.8274
    0.6387   20.8403
    0.6438   20.8536
    0.6489   20.8674
    0.6540   20.8816
    0.6592   20.8958
    0.6643   20.9101
    0.6694   20.9242
    0.6745   20.9380
    0.6796   20.9513
    0.6847   20.9640
    0.6898   20.9758
    0.6949   20.9866
    0.7001   20.9961
    0.7052   21.0043
    0.7103   21.0109
    0.7154   21.0157
    0.7205   21.0185
    0.7256   21.0192
    0.7307   21.0175
    0.7358   21.0133
    0.7410   21.0063
    0.7461   20.9964
    0.7512   20.9834
    0.7563   20.9671
    0.7614   20.9473
    0.7665   20.9238
    0.7716   20.8965
    0.7767   20.8652
    0.7819   20.8297
    0.7870   20.7899
    0.7921   20.7455
    0.7972   20.6965
    0.8023   20.6427
    0.8074   20.5839
    0.8125   20.5200
    0.8177   20.4509
    0.8228   20.3764
    0.8279   20.2964
    0.8330   20.2108
    0.8381   20.1196
    0.8432   20.0224
    0.8483   19.9194
    0.8534   19.8104
    0.8586   19.6952
    0.8637   19.5739
    0.8688   19.4464
    0.8739   19.3125
    0.8790   19.1722
    0.8841   19.0256

    0.0000   51.6049
    0.0050   51.5981
    0.0100   51.5778
    0.0149   51.5439
    0.0199   51.4968
    0.0249   51.4365
    0.0299   51.3635
    0.0348   51.2778
    0.0398   51.1799
    0.0448   51.0701
    0.0498   50.9486
    0.0547   50.8159
    0.0597   50.6723
    0.0647   50.5180
    0.0697   50.3534
    0.0747   50.1787
    0.0796   49.9942
    0.0846   49.8002
    0.0896   49.5968
    0.0946   49.3843
    0.0995   49.1628
    0.1045   48.9326
    0.1095   48.6938
    0.1145   48.4465
    0.1195   48.1910
    0.1244   47.9273
    0.1294   47.6555
    0.1344   47.3758
    0.1394   47.0883
    0.1443   46.7931
    0.1493   46.4902
    0.1543   46.1799
    0.1593   45.8622
    0.1642   45.5371
    0.1692   45.2049
    0.1742   44.8657
    0.1792   44.5195
    0.1842   44.1666
    0.1891   43.8071
    0.1941   43.4412
    0.1991   43.0695
    0.2041   42.6922
    0.2090   42.3103
    0.2140   41.9250
    0.2190   41.5389
    0.2240   41.1570
    0.2289   40.7916
    0.2339   40.4727
    0.2389   40.2527
    0.2439   40.1431
    0.2489   40.0918
    0.2538   40.0585
    0.2588   40.0255
    0.2638   39.9845
    0.2688   39.9309
    0.2737   39.8614
    0.2787   39.7736
    0.2837   39.6654
    0.2887   39.5352
    0.2937   39.3817
    0.2986   39.2041
    0.3036   39.0022
    0.3086   38.7761
    0.3136   38.5265
    0.3185   38.2543
    0.3235   37.9608
    0.3285   37.6475
    0.3335   37.3159
    0.3384   36.9678
    0.3434   36.6045
    0.3484   36.2278
    0.3534   35.8389
    0.3584   35.4393
    0.3633   35.0303
    0.3683   34.6129
    0.3733   34.1883
    0.3783   33.7574
    0.3832   33.3213
    0.3882   32.8809
    0.3932   32.4369
    0.3982   31.9901
    0.4031   31.5415
    0.4081   31.0916
    0.4131   30.6413
    0.4181   30.1913
    0.4231   29.7423
    0.4280   29.2951
    0.4330   28.8503
    0.4380   28.4088
    0.4430   27.9712
    0.4479   27.5384
    0.4529   27.1111
    0.4579   26.6900
    0.4629   26.2761
    0.4679   25.8702
    0.4728   25.4730
    0.4778   25.0855
    0.4828   24.7086
    0.4878   24.3431
    0.4927   23.9900
    0.4977   23.6503
    0.5027   23.3248
    0.5077   23.0146
    0.5126   22.7205
    0.5176   22.4436
    0.5226   22.1847
    0.5276   21.9448
    0.5326   21.7247
    0.5375   21.5252
    0.5425   21.3472
    0.5475   21.1914
    0.5525   21.0584
    0.5574   20.9487
    0.5624   20.8629
    0.5674   20.8014
    0.5724   20.7643
    0.5774   20.7519
    0.5774   20.7519
    0.5825   20.7526
    0.5876   20.7547
    0.5927   20.7580
    0.5978   20.7627
    0.6029   20.7687
    0.6080   20.7759
    0.6131   20.7842
    0.6183   20.7936
    0.6234   20.8040
    0.6285   20.8153
    0.6336   20.8274
    0.6387   20.8403
    0.6438   20.8536
    0.6489   20.8674
    0.6540   20.8816
    0.6592   20.8958
    0.6643   20.9101
    0.6694   20.9242
    0.6745   20.9380
    0.6796   20.9513
    0.6847   20.9640
    0.6898   20.9758
    0.6949   20.9866
    0.7001   20.9961
    0.7052   21.0043
    0.7103   21.0109
    0.7154   21.0157
    0.7205   21.0185
    0.7256   21.0192
    0.7307   21.3923
    0.7358   22.0190
    0.7410   22.6378
    0.7461   23.2486
    0.7512   23.8513
    0.7563   24.4456
    0.7614   25.0315
    0.7665   25.6089
    0.7716   26.1776
    0.7767   26.7375
    0.7819   27.2886
    0.7870   27.8308
    0.7921   28.3639
    0.7972   28.8880
    0.8023   29.4030
    0.8074   29.9088
    0.8125   30.4054
    0.8177   30.8928
    0.8228   31.3709
    0.8279   31.8398
    0.8330   32.2995
    0.8381   32.7500
    0.8432   33.1913
    0.8483   33.6234
    0.8534   34.0464
    0.8586   34.4603
    0.8637   34.8653
    0.8688   35.2612
    0.8739   35.6484
    0.8790   36.0267
    0.8841   36.3964

    0.0000   55.1525
    0.0050   55.1512
    0.0100   55.1475
    0.0149   55.1410
    0.0199   55.1318
    0.0249   55.1195
    0.0299   55.1038
    0.0348   55.0846
    0.0398   55.0614
    0.0448   55.0339
    0.0498   55.0016
    0.0547   54.9644
    0.0597   54.9217
    0.0647   54.8732
    0.0697   54.8188
    0.0747   54.7579
    0.0796   54.6904
    0.0846   54.6159
    0.0896   54.5343
    0.0946   54.4453
    0.0995   54.3488
    0.1045   54.2446
    0.1095   54.1325
    0.1145   54.0125
    0.1195   53.8844
    0.1244   53.7482
    0.1294   53.6039
    0.1344   53.4514
    0.1394   53.2907
    0.1443   53.1220
    0.1493   52.9452
    0.1543   52.7605
    0.1593   52.5679
    0.1642   52.3676
    0.1692   52.1598
    0.1742   51.9446
    0.1792   51.7224
    0.1842   51.4934
    0.1891   51.2579
    0.1941   51.0163
    0.1991   50.7690
    0.2041   50.5163
    0.2090   50.2590
    0.2140   49.9974
    0.2190   49.7324
    0.2240   49.4646
    0.2289   49.1949
    0.2339   48.9241
    0.2389   48.6535
    0.2439   48.3842
    0.2489   48.1174
    0.2538   47.8546
    0.2588   47.5976
    0.2638   47.3478
    0.2688   47.1073
    0.2737   46.8777
    0.2787   46.6609
    0.2837   46.4586
    0.2887   46.2724
    0.2937   46.1034
    0.2986   45.9524
    0.3036   45.8199
    0.3086   45.7057
    0.3136   45.6094
    0.3185   45.5302
    0.3235   45.4670
    0.3285   45.4185
    0.3335   45.3834
    0.3384   45.3602
    0.3434   45.3477
    0.3484   45.3445
    0.3534   45.3495
    0.3584   45.3616
    0.3633   45.3799
    0.3683   45.4033
    0.3733   45.4312
    0.3783   45.4629
    0.3832   45.4978
    0.3882   45.5353
    0.3932   45.5750
    0.3982   45.6164
    0.4031   45.6592
    0.4081   45.7030
    0.4131   45.7476
    0.4181   45.7926
    0.4231   45.8378
    0.4280   45.8831
    0.4330   45.9281
    0.4380   45.9728
    0.4430   46.0170
    0.4479   46.0606
    0.4529   46.1034
    0.4579   46.1452
    0.4629   46.1860
    0.4679   46.2258
    0.4728   46.2643
    0.4778   46.3015
    0.4828   46.3373
    0.4878   46.3717
    0.4927   46.4045
    0.4977   46.4358
    0.5027   46.4655
    0.5077   46.4934
    0.5126   46.5197
    0.5176   46.5441
    0.5226   46.5668
    0.5276   46.5876
    0.5326   46.6065
    0.5375   46.6235
    0.5425   46.6385
    0.5475   46.6516
    0.5525   46.6627
    0.5574   46.6718
    0.5624   46.6789
    0.5674   46.6840
    0.5724   46.6870
    0.5774   46.6881
    0.5774   46.6881
    0.5825   46.6849
    0.5876   46.6754
    0.5927   46.6596
    0.5978   46.6376
    0.6029   46.6093
    0.6080   46.5748
    0.6131   46.5342
    0.6183   46.4875
    0.6234   46.4348
    0.6285   46.3762
    0.6336   46.3117
    0.6387   46.2414
    0.6438   46.1655
    0.6489   46.0839
    0.6540   45.9968
    0.6592   45.9043
    0.6643   45.8064
    0.6694   45.7033
    0.6745   45.5949
    0.6796   45.4814
    0.6847   45.3628
    0.6898   45.2392
    0.6949   45.1105
    0.7001   44.9770
    0.7052   44.8384
    0.7103   44.6950
    0.7154   44.5466
    0.7205   44.3934
    0.7256   44.2351
    0.7307   44.0719
    0.7358   43.9037
    0.7410   43.7305
    0.7461   43.5521
    0.7512   43.3685
    0.7563   43.1797
    0.7614   42.9855
    0.7665   42.7858
    0.7716   42.5806
    0.7767   42.3698
    0.7819   42.1531
    0.7870   41.9306
    0.7921   41.7021
    0.7972   41.4673
    0.8023   41.2263
    0.8074   40.9788
    0.8125   40.7248
    0.8177   40.4640
    0.8228   40.1963
    0.8279   39.9217
    0.8330   39.6398
    0.8381   39.3507
    0.8432   39.0540
    0.8483   38.7498
    0.8534   38.4379
    0.8586   38.1181
    0.8637   37.7902
    0.8688   37.4543
    0.8739   37.1101
    0.8790   36.7575
    0.8841   36.3964

    0.0000   69.7156
    0.0050   69.7167
    0.0100   69.7199
    0.0149   69.7252
    0.0199   69.7325
    0.0249   69.7421
    0.0299   69.7537
    0.0348   69.7674
    0.0398   69.7832
    0.0448   69.8011
    0.0498   69.8212
    0.0547   69.8433
    0.0597   69.8675
    0.0647   69.8938
    0.0697   69.9221
    0.0747   69.9526
    0.0796   69.9851
    0.0846   70.0196
    0.0896   70.0562
    0.0946   70.0948
    0.0995   70.1354
    0.1045   70.1780
    0.1095   70.2226
    0.1145   70.2691
    0.1195   70.3176
    0.1244   70.3680
    0.1294   70.4204
    0.1344   70.4746
    0.1394   70.5306
    0.1443   70.5885
    0.1493   70.6481
    0.1543   70.7096
    0.1593   70.7727
    0.1642   70.8376
    0.1692   70.9041
    0.1742   70.9722
    0.1792   71.0419
    0.1842   71.1086
    0.1891   71.0864
    0.1941   71.0650
    0.1991   71.0444
    0.2041   71.0246
    0.2090   71.0057
    0.2140   70.9876
    0.2190   70.9705
    0.2240   70.9542
    0.2289   70.9388
    0.2339   70.9243
    0.2389   70.9107
    0.2439   70.8980
    0.2489   70.8862
    0.2538   70.8754
    0.2588   70.8654
    0.2638   70.8563
    0.2688   70.8481
    0.2737   70.8408
    0.2787   70.8342
    0.2837   70.8286
    0.2887   70.8237
    0.2937   70.8196
    0.2986   70.8163
    0.3036   70.8137
    0.3086   70.8119
    0.3136   70.8108
    0.3185   70.8103
    0.3235   70.8105
    0.3285   70.8113
    0.3335   70.8127
    0.3384   70.8146
    0.3434   70.8171
    0.3484   70.8201
    0.3534   70.8236
    0.3584   70.8276
    0.3633   70.8319
    0.3683   70.8367
    0.3733   70.8418
    0.3783   70.8472
    0.3832   70.8530
    0.3882   70.8590
    0.3932   70.8652
    0.3982   70.8717
    0.4031   70.8784
    0.4081   70.8852
    0.4131   70.8921
    0.4181   70.8992
    0.4231   70.9063
    0.4280   70.9135
    0.4330   70.9207
    0.4380   70.9279
    0.4430   70.9351
    0.4479   70.9423
    0.4529   70.9493
    0.4579   70.9563
    0.4629   70.9632
    0.4679   70.9699
    0.4728   70.9765
    0.4778   70.9829
    0.4828   70.9891
    0.4878   70.9951
    0.4927   71.0008
    0.4977   71.0064
    0.5027   71.0116
    0.5077   71.0166
    0.5126   71.0213
    0.5176   71.0257
    0.5226   71.0298
    0.5276   71.0336
    0.5326   71.0370
    0.5375   71.0401
    0.5425   71.0429
    0.5475   71.0453
    0.5525   71.0473
    0.5574   71.0490
    0.5624   71.0503
    0.5674   71.0513
    0.5724   71.0518
    0.5774   71.0520
    0.5774   71.0520
    0.5825   76.5594
    0.5876   76.5598
    0.5927   76.5605
    0.5978   76.5616
    0.6029   76.5629
    0.6080   76.5645
    0.6131   76.5665
    0.6183   76.5686
    0.6234   76.5711
    0.6285   76.5739
    0.6336   76.5769
    0.6387   76.5801
    0.6438   76.5836
    0.6489   76.5874
    0.6540   76.5914
    0.6592   76.5956
    0.6643   76.6001
    0.6694   76.6047
    0.6745   76.6096
    0.6796   76.6146
    0.6847   76.6198
    0.6898   76.6252
    0.6949   76.6308
    0.7001   76.6365
    0.7052   76.6423
    0.7103   76.6482
    0.7154   76.6543
    0.7205   76.6604
    0.7256   76.6666
    0.7307   76.6729
    0.7358   76.6792
    0.7410   76.6856
    0.7461   76.6920
    0.7512   76.6984
    0.7563   76.7048
    0.7614   76.7112
    0.7665   76.7175
    0.7716   76.7238
    0.7767   76.7301
    0.7819   76.7363
    0.7870   76.7424
    0.7921   76.7484
    0.7972   76.7543
    0.8023   76.7601
    0.8074   76.7657
    0.8125   76.7712
    0.8177   76.7766
    0.8228   76.7817
    0.8279   76.7867
    0.8330   76.7915
    0.8381   76.7961
    0.8432   76.8005
    0.8483   76.8047
    0.8534   76.8087
    0.8586   76.8124
    0.8637   76.8159
    0.8688   76.8191
    0.8739   76.8221
    0.8790   76.8248
    0.8841   76.8273

    0.0000   71.4169
    0.0050   71.4180
    0.0100   71.4213
    0.0149   71.4269
    0.0199   71.4347
    0.0249   71.4447
    0.0299   71.4569
    0.0348   71.4713
    0.0398   71.4878
    0.0448   71.5066
    0.0498   71.5274
    0.0547   71.5504
    0.0597   71.5754
    0.0647   71.6026
    0.0697   71.6317
    0.0747   71.6629
    0.0796   71.6593
    0.0846   71.6346
    0.0896   71.6091
    0.0946   71.5831
    0.0995   71.5565
    0.1045   71.5295
    0.1095   71.5021
    0.1145   71.4746
    0.1195   71.4468
    0.1244   71.4191
    0.1294   71.3913
    0.1344   71.3637
    0.1394   71.3363
    0.1443   71.3091
    0.1493   71.2822
    0.1543   71.2558
    0.1593   71.2298
    0.1642   71.2043
    0.1692   71.1794
    0.1742   71.1551
    0.1792   71.1315
    0.1842   71.1131
    0.1891   71.1859
    0.1941   71.2601
    0.1991   71.3356
    0.2041   71.4126
    0.2090   71.4908
    0.2140   71.5703
    0.2190   71.6509
    0.2240   71.7328
    0.2289   71.8157
    0.2339   71.8996
    0.2389   71.9845
    0.2439   72.0703
    0.2489   72.1569
    0.2538   72.2444
    0.2588   72.3325
    0.2638   72.4213
    0.2688   72.5108
    0.2737   72.6007
    0.2787   72.6911
    0.2837   72.7819
    0.2887   72.8730
    0.2937   72.9643
    0.2986   73.0559
    0.3036   73.1476
    0.3086   73.2393
    0.3136   73.3310
    0.3185   73.4227
    0.3235   73.5141
    0.3285   73.6054
    0.3335   73.6963
    0.3384   73.7870
    0.3434   73.8771
    0.3484   73.9668
    0.3534   74.0560
    0.3584   74.1445
    0.3633   74.2323
    0.3683   74.3193
    0.3733   74.4056
    0.3783   74.4909
    0.3832   74.5753
    0.3882   74.6588
    0.3932   74.7411
    0.3982   74.8223
    0.4031   74.9023
    0.4081   74.9811
    0.4131   75.0586
    0.4181   75.1348
    0.4231   75.2095
    0.4280   75.2828
    0.4330   75.3545
    0.4380   75.4248
    0.4430   75.4934
    0.4479   75.5603
    0.4529   75.6256
    0.4579   75.6891
    0.4629   75.7508
    0.4679   75.8107
    0.4728   75.8687
    0.4778   75.9248
    0.4828   75.9789
    0.4878   76.0311
    0.4927   76.0812
    0.4977   76.1292
    0.5027   76.1752
    0.5077   76.2189
    0.5126   76.2605
    0.5176   76.2999
    0.5226   76.3369
    0.5276   76.3716
    0.5326   76.4038
    0.5375   76.4336
    0.5425   76.4607
    0.5475   76.4850
    0.5525   76.5064
    0.5574   76.5246
    0.5624   76.5393
    0.5674   76.5502
    0.5724   76.5569
    0.5774   76.5592
    0.5774   76.5592
    0.5825   76.5594
    0.5876   76.5598
    0.5927   76.5605
    0.5978   76.5616
    0.6029   76.5629
    0.6080   76.5645
    0.6131   76.5665
    0.6183   76.5686
    0.6234   76.5711
    0.6285   76.5739
    0.6336   76.5769
    0.6387   76.5801
    0.6438   76.5836
    0.6489   76.5874
    0.6540   76.5914
    0.6592   76.5956
    0.6643   76.6001
    0.6694   76.6047
    0.6745   76.6096
    0.6796   76.6146
    0.6847   76.6198
    0.6898   76.6252
    0.6949   76.6308
    0.7001   76.6365
    0.7052   76.6423
    0.7103   76.6482
    0.7154   76.6543
    0.7205   76.6604
    0.7256   76.6666
    0.7307   76.6729
    0.7358   76.6792
    0.7410   76.6856
    0.7461   76.6920
    0.7512   76.6984
    0.7563   76.7048
    0.7614   76.7112
    0.7665   76.7175
    0.7716   76.7238
    0.7767   76.7301
    0.7819   76.7363
    0.7870   76.7424
    0.7921   76.7484
    0.7972   76.7543
    0.8023   76.7601
    0.8074   76.7657
    0.8125   76.7712
    0.8177   76.7766
    0.8228   76.7817
    0.8279   76.7867
    0.8330   76.7915
    0.8381   76.7961
    0.8432   76.8005
    0.8483   76.8047
    0.8534   76.8087
    0.8586   76.8124
    0.8637   76.8159
    0.8688   76.8191
    0.8739   76.8221
    0.8790   76.8248
    0.8841   76.8273

    0.0000   71.8779
    0.0050   71.8769
    0.0100   71.8740
    0.0149   71.8693
    0.0199   71.8626
    0.0249   71.8542
    0.0299   71.8439
    0.0348   71.8320
    0.0398   71.8183
    0.0448   71.8031
    0.0498   71.7863
    0.0547   71.7682
    0.0597   71.7487
    0.0647   71.7279
    0.0697   71.7061
    0.0747   71.6831
    0.0796   71.6961
    0.0846   71.7312
    0.0896   71.7682
    0.0946   71.8071
    0.0995   71.8478
    0.1045   71.8904
    0.1095   71.9346
    0.1145   71.9806
    0.1195   72.0283
    0.1244   72.0776
    0.1294   72.1285
    0.1344   72.1809
    0.1394   72.2349
    0.1443   72.2902
    0.1493   72.3470
    0.1543   72.4051
    0.1593   72.4645
    0.1642   72.5251
    0.1692   72.5870
    0.1742   72.6500
    0.1792   72.7140
    0.1842   72.7791
    0.1891   72.8452
    0.1941   72.9122
    0.1991   72.9801
    0.2041   73.0488
    0.2090   73.1182
    0.2140   73.1883
    0.2190   73.2591
    0.2240   73.3305
    0.2289   73.4024
    0.2339   73.4748
    0.2389   73.5476
    0.2439   73.6208
    0.2489   73.6943
    0.2538   73.7680
    0.2588   73.8419
    0.2638   73.9159
    0.2688   73.9901
    0.2737   74.0642
    0.2787   74.1383
    0.2837   74.2123
    0.2887   74.2862
    0.2937   74.3599
    0.2986   74.4332
    0.3036   74.5063
    0.3086   74.5790
    0.3136   74.6513
    0.3185   74.7231
    0.3235   74.7943
    0.3285   74.8650
    0.3335   74.9350
    0.3384   75.0043
    0.3434   75.0728
    0.3484   75.1406
    0.3534   75.2075
    0.3584   75.2735
    0.3633   75.3385
    0.3683   75.4025
    0.3733   75.4655
    0.3783   75.5274
    0.3832   75.5881
    0.3882   75.6476
    0.3932   75.7059
    0.3982   75.7628
    0.4031   75.8185
    0.4081   75.8728
    0.4131   75.9256
    0.4181   75.9770
    0.4231   76.0269
    0.4280   76.0752
    0.4330   76.1220
    0.4380   76.1671
    0.4430   76.2106
    0.4479   76.2524
    0.4529   76.2925
    0.4579   76.3309
    0.4629   76.3674
    0.4679   76.4022
    0.4728   76.4351
    0.4778   76.4661
    0.4828   76.4952
    0.4878   76.5225
    0.4927   76.5478
    0.4977   76.5711
    0.5027   76.5926
    0.5077   76.6120
    0.5126   76.6295
    0.5176   76.6450
    0.5226   76.6586
    0.5276   76.6702
    0.5326   76.6596
    0.5375   76.6388
    0.5425   76.6203
    0.5475   76.6042
    0.5525   76.5905
    0.5574   76.5793
    0.5624   76.5705
    0.5674   76.5642
    0.5724   76.5605
    0.5774   76.5592
    0.5774   76.5592
    0.5825   76.7050
    0.5876   76.7054
    0.5927   76.7060
    0.5978   76.7068
    0.6029   76.7079
    0.6080   76.7092
    0.6131   76.7107
    0.6183   76.7125
    0.6234   76.7145
    0.6285   76.7166
    0.6336   76.7190
    0.6387   76.7216
    0.6438   76.7243
    0.6489   76.7273
    0.6540   76.7303
    0.6592   76.7336
    0.6643   76.7369
    0.6694   76.7404
    0.6745   76.7441
    0.6796   76.7478
    0.6847   76.7516
    0.6898   76.7554
    0.6949   76.7594
    0.7001   76.7634
    0.7052   76.7674
    0.7103   76.7714
    0.7154   76.7754
    0.7205   76.7794
    0.7256   76.7834
    0.7307   76.7874
    0.7358   76.7913
    0.7410   76.7951
    0.7461   76.7988
    0.7512   76.8024
    0.7563   76.8059
    0.7614   76.8093
    0.7665   76.8126
    0.7716   76.8157
    0.7767   76.8186
    0.7819   76.8214
    0.7870   76.8239
    0.7921   76.8263
    0.7972   76.8285
    0.8023   76.8304
    0.8074   76.8322
    0.8125   76.8336
    0.8177   76.8349
    0.8228   76.8359
    0.8279   76.8367
    0.8330   76.8372
    0.8381   76.8374
    0.8432   76.8374
    0.8483   76.8370
    0.8534   76.8365
    0.8586   76.8356
    0.8637   76.8345
    0.8688   76.8331
    0.8739   76.8315
    0.8790   76.8295
    0.8841   76.8273

    0.0000   75.9279
    0.0050   75.9288
    0.0100   75.9315
    0.0149   75.9360
    0.0199   75.9423
    0.0249   75.9505
    0.0299   75.9604
    0.0348   75.9721
    0.0398   75.9857
    0.0448   76.0011
    0.0498   76.0183
    0.0547   76.0373
    0.0597   76.0582
    0.0647   76.0810
    0.0697   76.1056
    0.0747   76.1321
    0.0796   76.1604
    0.0846   76.1907
    0.0896   76.2229
    0.0946   76.2569
    0.0995   76.2930
    0.1045   76.3309
    0.1095   76.3708
    0.1145   76.4126
    0.1195   76.4563
    0.1244   76.5020
    0.1294   76.5495
    0.1344   76.5990
    0.1394   76.6503
    0.1443   76.7033
    0.1493   76.7582
    0.1543   76.8147
    0.1593   76.8728
    0.1642   76.9325
    0.1692   76.9936
    0.1742   77.0561
    0.1792   77.1197
    0.1842   77.1844
    0.1891   77.2501
    0.1941   77.3164
    0.1991   77.3834
    0.2041   77.4506
    0.2090   77.5179
    0.2140   77.5851
    0.2190   77.6519
    0.2240   77.7180
    0.2289   77.7830
    0.2339   77.8466
    0.2389   77.9086
    0.2439   77.9684
    0.2489   78.0257
    0.2538   78.0802
    0.2588   78.1313
    0.2638   78.1789
    0.2688   78.2224
    0.2737   78.2615
    0.2787   78.2960
    0.2837   78.3256
    0.2887   78.3500
    0.2937   78.3693
    0.2986   78.3832
    0.3036   78.3919
    0.3086   78.3953
    0.3136   78.3936
    0.3185   78.3869
    0.3235   78.3756
    0.3285   78.3597
    0.3335   78.3397
    0.3384   78.3157
    0.3434   78.2881
    0.3484   78.2572
    0.3534   78.2232
    0.3584   78.1864
    0.3633   78.1470
    0.3683   78.1055
    0.3733   78.0619
    0.3783   78.0166
    0.3832   77.9697
    0.3882   77.9215
    0.3932   77.8722
    0.3982   77.8220
    0.4031   77.7711
    0.4081   77.7196
    0.4131   77.6677
    0.4181   77.6156
    0.4231   77.5635
    0.4280   77.5114
    0.4330   77.4596
    0.4380   77.4082
    0.4430   77.3573
    0.4479   77.3070
    0.4529   77.2576
    0.4579   77.2090
    0.4629   77.1614
    0.4679   77.1150
    0.4728   77.0698
    0.4778   77.0260
    0.4828   76.9837
    0.4878   76.9429
    0.4927   76.9037
    0.4977   76.8663
    0.5027   76.8307
    0.5077   76.7970
    0.5126   76.7653
    0.5176   76.7357
    0.5226   76.7081
    0.5276   76.6828
    0.5326   76.6800
    0.5375   76.6880
    0.5425   76.6942
    0.5475   76.6988
    0.5525   76.7019
    0.5574   76.7037
    0.5624   76.7047
    0.5674   76.7049
    0.5724   76.7049
    0.5774   76.7049
    0.5774   76.7049
    0.5825   76.7050
    0.5876   76.7054
    0.5927   76.7060
    0.5978   76.7068
    0.6029   76.7079
    0.6080   76.7092
    0.6131   76.7107
    0.6183   76.7125
    0.6234   76.7145
    0.6285   76.7166
    0.6336   76.7190
    0.6387   76.7216
    0.6438   76.7243
    0.6489   76.7273
    0.6540   76.7303
    0.6592   76.7336
    0.6643   76.7369
    0.6694   76.7404
    0.6745   76.7441
    0.6796   76.7478
    0.6847   76.7516
    0.6898   76.7554
    0.6949   76.7594
    0.7001   76.7634
    0.7052   76.7674
    0.7103   76.7714
    0.7154   76.7754
    0.7205   76.7794
    0.7256   76.7834
    0.7307   76.7874
    0.7358   76.7913
    0.7410   76.7951
    0.7461   76.7988
    0.7512   76.8024
    0.7563   76.8059
    0.7614   76.8093
    0.7665   76.8126
    0.7716   76.8157
    0.7767   76.8186
    0.7819   76.8214
    0.7870   76.8239
    0.7921   76.8263
    0.7972   76.8285
    0.8023   76.8304
    0.8074   76.8322
    0.8125   76.8336
    0.8177   76.8349
    0.8228   76.8359
    0.8279   76.8367
    0.8330   76.8372
    0.8381   76.8374
    0.8432   76.8374
    0.8483   76.8370
    0.8534   76.8365
    0.8586   76.8356
    0.8637   76.8345
    0.8688   76.8331
    0.8739   76.8315
    0.8790   76.8295
    0.8841   76.8273

    0.0000   83.3536
    0.0050   83.3479
    0.0100   83.3312
    0.0149   83.3046
    0.0199   83.2697
    0.0249   83.2283
    0.0299   83.1818
    0.0348   83.1316
    0.0398   83.0788
    0.0448   83.0241
    0.0498   82.9684
    0.0547   82.9120
    0.0597   82.8554
    0.0647   82.7989
    0.0697   82.7427
    0.0747   82.6871
    0.0796   82.6321
    0.0846   82.5779
    0.0896   82.5245
    0.0946   82.4720
    0.0995   82.4205
    0.1045   82.3700
    0.1095   82.3205
    0.1145   82.2720
    0.1195   82.2246
    0.1244   82.1782
    0.1294   82.1328
    0.1344   82.0885
    0.1394   82.0451
    0.1443   82.0028
    0.1493   81.9615
    0.1543   81.9213
    0.1593   81.8820
    0.1642   81.8438
    0.1692   81.8067
    0.1742   81.7707
    0.1792   81.7358
    0.1842   81.7020
    0.1891   81.6695
    0.1941   81.6384
    0.1991   81.6086
    0.2041   81.5804
    0.2090   81.5538
    0.2140   81.5290
    0.2190   81.5061
    0.2240   81.4854
    0.2289   81.4671
    0.2339   81.4513
    0.2389   81.4384
    0.2439   81.4285
    0.2489   81.4220
    0.2538   81.4192
    0.2588   81.4203
    0.2638   81.4257
    0.2688   81.4355
    0.2737   81.4501
    0.2787   81.4696
    0.2837   81.4942
    0.2887   81.5241
    0.2937   81.5591
    0.2986   81.5994
    0.3036   81.6448
    0.3086   81.6953
    0.3136   81.7505
    0.3185   81.8103
    0.3235   81.8743
    0.3285   81.9423
    0.3335   82.0140
    0.3384   82.0889
    0.3434   82.1668
    0.3484   82.2472
    0.3534   82.3300
    0.3584   82.4147
    0.3633   82.5010
    0.3683   82.5887
    0.3733   82.6774
    0.3783   82.7668
    0.3832   82.8568
    0.3882   82.9471
    0.3932   83.0374
    0.3982   83.1275
    0.4031   83.2173
    0.4081   83.3065
    0.4131   83.3949
    0.4181   83.4824
    0.4231   83.5687
    0.4280   83.6538
    0.4330   83.7375
    0.4380   83.8197
    0.4430   83.9001
    0.4479   83.9787
    0.4529   84.0554
    0.4579   84.1299
    0.4629   84.2023
    0.4679   84.2724
    0.4728   84.3401
    0.4778   84.4054
    0.4828   84.4680
    0.4878   84.5279
    0.4927   84.5851
    0.4977   84.6394
    0.5027   84.6909
    0.5077   84.7393
    0.5126   84.7847
    0.5176   84.8269
    0.5226   84.8660
    0.5276   84.9019
    0.5326   84.9345
    0.5375   84.9638
    0.5425   84.9897
    0.5475   85.0122
    0.5525   85.0314
    0.5574   85.0470
    0.5624   85.0593
    0.5674   85.0680
    0.5724   85.0732
    0.5774   76.7049
    0.5774   76.7049
    0.5825   84.8351
    0.5876   84.8454
    0.5927   84.8626
    0.5978   84.8867
    0.6029   84.9174
    0.6080   84.9549
    0.6131   84.9989
    0.6183   85.0494
    0.6234   85.1061
    0.6285   85.1690
    0.6336   85.2379
    0.6387   85.3126
    0.6438   85.3929
    0.6489   85.4785
    0.6540   85.5693
    0.6592   85.6650
    0.6643   85.7653
    0.6694   85.8700
    0.6745   85.9787
    0.6796   86.0913
    0.6847   86.2073
    0.6898   86.3266
    0.6949   86.4487
    0.7001   86.5734
    0.7052   86.7003
    0.7103   86.8291
    0.7154   86.9595
    0.7205   87.0911
    0.7256   87.2236
    0.7307   87.3567
    0.7358   87.4899
    0.7410   87.6231
    0.7461   87.7558
    0.7512   87.8876
    0.7563   88.0184
    0.7614   88.1477
    0.7665   88.2752
    0.7716   88.4006
    0.7767   88.5235
    0.7819   88.6438
    0.7870   88.7610
    0.7921   88.8750
    0.7972   88.9853
    0.8023   89.0918
    0.8074   89.1942
    0.8125   89.2922
    0.8177   89.3856
    0.8228   89.4741
    0.8279   89.5576
    0.8330   89.6358
    0.8381   89.7085
    0.8432   89.7756
    0.8483   89.8369
    0.8534   89.8922
    0.8586   89.9414
    0.8637   89.9844
    0.8688   90.0210
    0.8739   90.0512
    0.8790   90.0749
    0.8841   90.0919

    0.0000   84.4524
    0.0050   84.4594
    0.0100   84.4800
    0.0149   84.5129
    0.0199   84.5566
    0.0249   84.6094
    0.0299   84.6697
    0.0348   84.7362
    0.0398   84.8078
    0.0448   84.8835
    0.0498   84.9628
    0.0547   85.0451
    0.0597   85.1298
    0.0647   85.2168
    0.0697   85.3056
    0.0747   85.3961
    0.0796   85.4880
    0.0846   85.5812
    0.0896   85.6756
    0.0946   85.7710
    0.0995   85.8673
    0.1045   85.9645
    0.1095   86.0624
    0.1145   86.1610
    0.1195   86.2602
    0.1244   86.3600
    0.1294   86.4602
    0.1344   86.5609
    0.1394   86.6621
    0.1443   86.7635
    0.1493   86.8653
    0.1543   86.9674
    0.1593   87.0697
    0.1642   87.1722
    0.1692   87.2749
    0.1742   87.3778
    0.1792   87.4808
    0.1842   87.5838
    0.1891   87.6869
    0.1941   87.7901
    0.1991   87.8932
    0.2041   87.9964
    0.2090   88.0994
    0.2140   88.2024
    0.2190   88.3053
    0.2240   88.4081
    0.2289   88.5107
    0.2339   88.6131
    0.2389   88.7153
    0.2439   88.8173
    0.2489   88.9190
    0.2538   89.0203
    0.2588   89.1214
    0.2638   89.2221
    0.2688   89.3224
    0.2737   89.4223
    0.2787   89.5217
    0.2837   89.6206
    0.2887   89.7190
    0.2937   89.8168
    0.2986   89.9141
    0.3036   90.0107
    0.3086   90.1066
    0.3136   90.2018
    0.3185   90.2963
    0.3235   90.3900
    0.3285   90.4829
    0.3335   90.5749
    0.3384   90.6660
    0.3434   90.7562
    0.3484   90.8453
    0.3534   90.9334
    0.3584   91.0205
    0.3633   91.1064
    0.3683   91.1912
    0.3733   91.2748
    0.3783   91.3571
    0.3832   91.4381
    0.3882   91.5178
    0.3932   91.5960
    0.3982   91.6729
    0.4031   91.7483
    0.4081   91.8221
    0.4131   91.8944
    0.4181   91.9651
    0.4231   92.0342
    0.4280   92.1015
    0.4330   92.1671
    0.4380   92.2309
    0.4430   92.2929
    0.4479   92.3531
    0.4529   92.4113
    0.4579   92.4676
    0.4629   92.5219
    0.4679   92.5742
    0.4728   92.6245
    0.4778   92.6726
    0.4828   92.7187
    0.4878   92.7626
    0.4927   92.8043
    0.4977   92.8438
    0.5027   92.8810
    0.5077   92.9160
    0.5126   92.9486
    0.5176   92.9790
    0.5226   93.0070
    0.5276   93.0327
    0.5326   93.0559
    0.5375   93.0768
    0.5425   93.0952
    0.5475   93.1112
    0.5525   93.1248
    0.5574   93.1359
    0.5624   93.1446
    0.5674   93.1508
    0.5724   93.1545
    0.5774   85.0750
    0.5774   85.0750
    0.5825   85.0790
    0.5876   85.0912
    0.5927   85.1115
    0.5978   85.1397
    0.6029   85.1759
    0.6080   85.2197
    0.6131   85.2712
    0.6183   85.3300
    0.6234   85.3960
    0.6285   85.4689
    0.6336   85.5484
    0.6387   85.6343
    0.6438   85.7262
    0.6489   85.8238
    0.6540   85.9267
    0.6592   86.0347
    0.6643   86.1473
    0.6694   86.2641
    0.6745   86.3847
    0.6796   86.5087
    0.6847   86.6358
    0.6898   86.7655
    0.6949   86.8974
    0.7001   87.0310
    0.7052   87.1660
    0.7103   87.3019
    0.7154   87.4384
    0.7205   87.5750
    0.7256   87.7112
    0.7307   87.8468
    0.7358   87.9814
    0.7410   88.1145
    0.7461   88.2457
    0.7512   88.3748
    0.7563   88.5014
    0.7614   88.6250
    0.7665   88.7455
    0.7716   88.8625
    0.7767   88.9756
    0.7819   89.0847
    0.7870   89.1894
    0.7921   89.2894
    0.7972   89.3846
    0.8023   89.4746
    0.8074   89.5593
    0.8125   89.6385
    0.8177   89.7120
    0.8228   89.7796
    0.8279   89.8412
    0.8330   89.8966
    0.8381   89.9457
    0.8432   89.9884
    0.8483   90.0246
    0.8534   90.0542
    0.8586   90.0772
    0.8637   90.0935
    0.8688   90.1032
    0.8739   90.1061
    0.8790   90.1024
    0.8841   90.0919

